TN:
SF:src/App.jsx
FN:43,App
FN:45,(anonymous_1)
FN:46,(anonymous_2)
FN:48,(anonymous_3)
FN:51,(anonymous_4)
FNF:5
FNH:0
FNDA:0,App
FNDA:0,(anonymous_1)
FNDA:0,(anonymous_2)
FNDA:0,(anonymous_3)
FNDA:0,(anonymous_4)
DA:32,0
DA:45,0
DA:46,0
DA:47,0
DA:48,0
DA:51,0
DA:54,0
DA:76,0
LF:8
LH:0
BRDA:47,0,0,0
BRDA:47,0,1,0
BRF:2
BRH:0
end_of_record
TN:
SF:src/config.js
FNF:0
FNH:0
DA:11,64
DA:12,64
DA:14,59
DA:17,64
LF:4
LH:4
BRDA:12,0,0,64
BRDA:12,0,1,1
BRDA:20,1,0,64
BRDA:20,1,1,63
BRDA:24,2,0,64
BRDA:24,2,1,62
BRDA:28,3,0,64
BRDA:28,3,1,63
BRF:8
BRH:8
end_of_record
TN:
SF:src/components/CalendarHeatmap.js
FN:45,(anonymous_0)
FN:52,(anonymous_1)
FN:58,(anonymous_2)
FN:68,(anonymous_3)
FN:74,(anonymous_4)
FN:84,(anonymous_5)
FN:136,(anonymous_6)
FN:147,(anonymous_7)
FN:156,(anonymous_8)
FN:165,(anonymous_9)
FN:174,(anonymous_10)
FN:199,(anonymous_11)
FN:218,(anonymous_12)
FN:227,(anonymous_13)
FN:229,(anonymous_14)
FN:234,(anonymous_15)
FN:238,(anonymous_16)
FN:249,(anonymous_17)
FN:257,(anonymous_18)
FN:304,(anonymous_19)
FN:321,(anonymous_20)
FN:340,(anonymous_21)
FN:345,(anonymous_22)
FN:365,(anonymous_23)
FN:379,(anonymous_24)
FNF:25
FNH:22
FNDA:642,(anonymous_0)
FNDA:641,(anonymous_1)
FNDA:1358,(anonymous_2)
FNDA:1552,(anonymous_3)
FNDA:10,(anonymous_4)
FNDA:9,(anonymous_5)
FNDA:11,(anonymous_6)
FNDA:0,(anonymous_7)
FNDA:10,(anonymous_8)
FNDA:10,(anonymous_9)
FNDA:10,(anonymous_10)
FNDA:10,(anonymous_11)
FNDA:10,(anonymous_12)
FNDA:10,(anonymous_13)
FNDA:0,(anonymous_14)
FNDA:8,(anonymous_15)
FNDA:1,(anonymous_16)
FNDA:0,(anonymous_17)
FNDA:10,(anonymous_18)
FNDA:29,(anonymous_19)
FNDA:63,(anonymous_20)
FNDA:93,(anonymous_21)
FNDA:651,(anonymous_22)
FNDA:1,(anonymous_23)
FNDA:36,(anonymous_24)
DA:14,1
DA:15,1
DA:25,1
DA:26,1
DA:27,1
DA:28,1
DA:29,1
DA:30,1
DA:31,1
DA:33,1
DA:34,1
DA:35,1
DA:36,1
DA:37,1
DA:39,1
DA:45,1
DA:46,642
DA:47,204
DA:48,130
DA:49,65
DA:52,1
DA:53,641
DA:54,203
DA:58,1
DA:59,1358
DA:68,1
DA:69,1552
DA:70,1552
DA:71,1552
DA:74,1
DA:75,10
DA:76,10
DA:77,10
DA:78,10
DA:79,10
DA:80,10
DA:84,1
DA:85,9
DA:86,9
DA:87,9
DA:89,9
DA:91,1
DA:92,1
DA:99,1
DA:101,1
DA:136,1
DA:137,11
DA:138,11
DA:139,11
DA:140,11
DA:141,11
DA:142,11
DA:145,11
DA:148,0
DA:153,11
DA:156,11
DA:157,10
DA:158,10
DA:159,210
DA:161,10
DA:165,11
DA:166,10
DA:167,10
DA:168,10
DA:169,10
DA:170,10
DA:174,11
DA:175,10
DA:176,10
DA:177,10
DA:179,10
DA:180,194
DA:181,194
DA:182,1358
DA:183,1358
DA:184,1358
DA:190,1358
DA:192,194
DA:193,194
DA:195,10
DA:199,11
DA:200,10
DA:201,10
DA:202,10
DA:203,194
DA:204,1221
DA:205,1221
DA:206,53
DA:207,53
DA:208,53
DA:212,10
DA:215,11
DA:218,11
DA:219,10
DA:227,11
DA:228,10
DA:229,8
DA:230,0
DA:231,0
DA:234,8
DA:238,11
DA:239,1
DA:244,1
DA:245,1
DA:246,1
DA:249,11
DA:250,0
DA:254,11
DA:257,11
DA:258,10
DA:259,10
DA:260,210
DA:262,10
DA:265,11
DA:266,1
DA:273,10
DA:275,9
DA:305,29
DA:322,63
DA:341,93
DA:346,651
DA:347,46
DA:353,605
DA:354,605
DA:355,605
DA:356,605
DA:358,605
DA:365,1
DA:380,36
DA:401,1
DA:534,1
DA:593,1
LF:132
LH:128
BRDA:46,0,0,438
BRDA:46,0,1,204
BRDA:47,1,0,74
BRDA:47,1,1,130
BRDA:48,2,0,65
BRDA:48,2,1,65
BRDA:53,3,0,438
BRDA:53,3,1,203
BRDA:77,4,0,3
BRDA:77,4,1,7
BRDA:89,5,0,8
BRDA:89,5,1,1
BRDA:89,6,0,9
BRDA:89,6,1,1
BRDA:99,7,0,1
BRDA:99,7,1,0
BRDA:119,8,0,1
BRDA:119,8,1,0
BRDA:128,9,0,1
BRDA:128,9,1,0
BRDA:137,10,0,11
BRDA:137,10,1,3
BRDA:153,11,0,11
BRDA:153,11,1,9
BRDA:153,11,2,2
BRDA:179,12,0,204
BRDA:179,12,1,10
BRDA:183,13,0,1358
BRDA:183,13,1,1305
BRDA:193,14,0,0
BRDA:193,14,1,194
BRDA:205,15,0,53
BRDA:205,15,1,1168
BRDA:205,16,0,1221
BRDA:205,16,1,1168
BRDA:228,17,0,8
BRDA:228,17,1,2
BRDA:228,18,0,10
BRDA:228,18,1,8
BRDA:230,19,0,0
BRDA:230,19,1,0
BRDA:239,20,0,1
BRDA:239,20,1,0
BRDA:246,21,0,1
BRDA:246,21,1,0
BRDA:260,22,0,140
BRDA:260,22,1,70
BRDA:265,23,0,1
BRDA:265,23,1,10
BRDA:273,24,0,1
BRDA:273,24,1,9
BRDA:285,25,0,9
BRDA:285,25,1,0
BRDA:346,26,0,46
BRDA:346,26,1,605
BRDA:354,27,0,240
BRDA:354,27,1,365
BRF:57
BRH:48
end_of_record
TN:
SF:src/components/GlassButton.js
FN:43,(anonymous_0)
FNF:1
FNH:1
FNDA:13,(anonymous_0)
DA:4,1
DA:5,1
DA:6,1
DA:7,1
DA:9,1
DA:37,1
DA:43,1
DA:44,13
DA:45,13
DA:46,13
DA:48,13
DA:105,1
DA:127,1
LF:13
LH:13
BRDA:44,0,0,13
BRDA:44,0,1,9
BRDA:45,1,0,13
BRDA:45,1,1,11
BRDA:46,2,0,13
BRDA:46,2,1,12
BRDA:51,3,0,3
BRDA:51,3,1,10
BRDA:56,4,0,13
BRDA:56,4,1,12
BRDA:56,5,0,12
BRDA:56,5,1,0
BRDA:66,6,0,3
BRDA:66,6,1,10
BRDA:68,7,0,13
BRDA:68,7,1,1
BRDA:72,8,0,2
BRDA:72,8,1,11
BRDA:81,9,0,0
BRDA:81,9,1,11
BRF:20
BRH:18
end_of_record
TN:
SF:src/components/GlassCard.js
FN:9,(anonymous_0)
FNF:1
FNH:1
FNDA:6,(anonymous_0)
DA:5,1
DA:6,1
DA:7,1
DA:9,1
DA:10,6
DA:11,6
DA:12,6
DA:14,6
DA:34,1
DA:44,1
LF:10
LH:10
BRDA:10,0,0,1
BRDA:10,0,1,5
BRDA:11,1,0,6
BRDA:11,1,1,5
BRDA:12,2,0,6
BRDA:12,2,1,1
BRDA:12,2,2,5
BRF:7
BRH:7
end_of_record
TN:
SF:src/components/OnboardingTooltip.js
FN:40,(anonymous_0)
FN:63,(anonymous_1)
FN:68,(anonymous_2)
FN:70,(anonymous_3)
FN:85,(anonymous_4)
FN:101,(anonymous_5)
FN:113,(anonymous_6)
FN:118,(anonymous_7)
FN:124,(anonymous_8)
FN:175,(anonymous_9)
FN:221,(anonymous_10)
FNF:11
FNH:6
FNDA:27,(anonymous_0)
FNDA:15,(anonymous_1)
FNDA:0,(anonymous_2)
FNDA:0,(anonymous_3)
FNDA:0,(anonymous_4)
FNDA:27,(anonymous_5)
FNDA:2,(anonymous_6)
FNDA:2,(anonymous_7)
FNDA:0,(anonymous_8)
FNDA:12,(anonymous_9)
FNDA:0,(anonymous_10)
DA:17,1
DA:18,1
DA:29,1
DA:30,1
DA:31,1
DA:32,1
DA:34,1
DA:35,1
DA:36,1
DA:37,1
DA:38,1
DA:40,1
DA:41,27
DA:42,27
DA:43,27
DA:44,27
DA:45,27
DA:46,27
DA:47,27
DA:48,27
DA:49,27
DA:50,27
DA:51,27
DA:54,27
DA:55,27
DA:56,27
DA:58,27
DA:59,27
DA:60,27
DA:63,27
DA:64,15
DA:66,12
DA:68,0
DA:69,0
DA:70,0
DA:71,0
DA:72,0
DA:73,0
DA:76,0
DA:77,0
DA:81,0
DA:85,0
DA:86,12
DA:87,1
DA:93,1
DA:96,11
DA:101,27
DA:102,27
DA:103,12
DA:109,15
DA:113,27
DA:114,2
DA:119,2
DA:120,2
DA:124,27
DA:125,0
DA:128,27
DA:131,12
DA:132,12
DA:133,12
DA:135,12
DA:136,1
DA:137,1
DA:145,1
DA:147,1
DA:148,1
DA:149,1
DA:150,1
DA:151,1
DA:157,0
DA:158,0
DA:160,0
DA:161,0
DA:162,0
DA:169,11
DA:170,11
DA:171,11
DA:175,12
DA:176,12
DA:178,1
DA:182,1
DA:185,12
DA:258,1
DA:326,1
LF:84
LH:68
BRDA:42,0,0,27
BRDA:42,0,1,2
BRDA:43,1,0,27
BRDA:43,1,1,23
BRDA:48,2,0,0
BRDA:48,2,1,27
BRDA:49,3,0,27
BRDA:49,3,1,25
BRDA:55,4,0,5
BRDA:55,4,1,22
BRDA:56,5,0,27
BRDA:56,5,1,22
BRDA:64,6,0,3
BRDA:64,6,1,12
BRDA:66,7,0,0
BRDA:66,7,1,12
BRDA:66,8,0,12
BRDA:66,8,1,0
BRDA:69,9,0,0
BRDA:69,9,1,0
BRDA:69,10,0,0
BRDA:69,10,1,0
BRDA:71,11,0,0
BRDA:71,11,1,0
BRDA:71,12,0,0
BRDA:71,12,1,0
BRDA:86,13,0,1
BRDA:86,13,1,11
BRDA:88,14,0,1
BRDA:88,14,1,0
BRDA:102,15,0,12
BRDA:102,15,1,15
BRDA:102,16,0,27
BRDA:102,16,1,24
BRDA:120,17,0,1
BRDA:120,17,1,1
BRDA:128,18,0,15
BRDA:128,18,1,12
BRDA:128,19,0,27
BRDA:128,19,1,24
BRDA:135,20,0,1
BRDA:135,20,1,11
BRDA:145,21,0,1
BRDA:145,21,1,0
BRDA:176,22,0,11
BRDA:176,22,1,1
BRDA:178,23,0,1
BRDA:178,23,1,0
BRF:48
BRH:34
end_of_record
TN:
SF:src/components/PillTabs.js
FN:9,(anonymous_0)
FN:15,(anonymous_1)
FN:22,(anonymous_2)
FNF:3
FNH:3
FNDA:7,(anonymous_0)
FNDA:15,(anonymous_1)
FNDA:1,(anonymous_2)
DA:4,1
DA:5,1
DA:6,1
DA:7,1
DA:9,1
DA:10,7
DA:11,7
DA:12,7
DA:13,7
DA:15,7
DA:16,15
DA:18,15
DA:23,1
DA:66,7
DA:67,6
DA:78,1
DA:85,1
DA:134,1
LF:18
LH:18
BRDA:10,0,0,7
BRDA:10,0,1,0
BRDA:28,1,0,2
BRDA:28,1,1,13
BRDA:28,2,0,15
BRDA:28,2,1,3
BRDA:32,3,0,15
BRDA:32,3,1,6
BRDA:35,4,0,0
BRDA:35,4,1,15
BRDA:38,5,0,0
BRDA:38,5,1,0
BRDA:47,6,0,15
BRDA:47,6,1,6
BRDA:52,7,0,2
BRDA:52,7,1,13
BRDA:52,8,0,15
BRDA:52,8,1,3
BRDA:59,9,0,1
BRDA:59,9,1,1
BRDA:66,10,0,6
BRDA:66,10,1,1
BRF:22
BRH:18
end_of_record
TN:
SF:src/components/RecurrencePicker.js
FN:33,(anonymous_0)
FN:44,(anonymous_1)
FN:51,getLabel
FN:59,handleTypeSelect
FN:71,handleDayToggle
FN:75,(anonymous_5)
FN:99,(anonymous_6)
FN:119,(anonymous_7)
FN:124,(anonymous_8)
FN:131,(anonymous_9)
FN:136,(anonymous_10)
FN:160,(anonymous_11)
FN:165,(anonymous_12)
FNF:13
FNH:11
FNDA:14,(anonymous_0)
FNDA:28,(anonymous_1)
FNDA:159,getLabel
FNDA:1,handleTypeSelect
FNDA:2,handleDayToggle
FNDA:2,(anonymous_5)
FNDA:2,(anonymous_6)
FNDA:0,(anonymous_7)
FNDA:0,(anonymous_8)
FNDA:70,(anonymous_9)
FNDA:1,(anonymous_10)
FNDA:35,(anonymous_11)
FNDA:2,(anonymous_12)
DA:6,2
DA:7,2
DA:10,2
DA:11,2
DA:12,2
DA:13,2
DA:15,2
DA:23,2
DA:33,2
DA:34,14
DA:35,14
DA:36,14
DA:37,14
DA:38,14
DA:39,14
DA:40,14
DA:42,14
DA:44,14
DA:45,28
DA:48,14
DA:49,14
DA:52,159
DA:53,8
DA:54,8
DA:56,151
DA:60,1
DA:61,1
DA:62,1
DA:63,0
DA:64,0
DA:66,1
DA:67,0
DA:72,2
DA:73,2
DA:74,2
DA:75,2
DA:77,1
DA:82,14
DA:97,14
DA:99,2
DA:115,14
DA:119,0
DA:124,0
DA:132,70
DA:133,70
DA:136,1
DA:154,14
DA:161,35
DA:162,35
DA:165,2
DA:180,14
DA:188,2
DA:325,2
LF:53
LH:48
BRDA:34,0,0,14
BRDA:34,0,1,0
BRDA:35,1,0,14
BRDA:35,1,1,0
BRDA:36,2,0,14
BRDA:36,2,1,14
BRDA:44,3,0,14
BRDA:44,3,1,0
BRDA:48,4,0,14
BRDA:48,4,1,14
BRDA:49,5,0,14
BRDA:49,5,1,10
BRDA:52,6,0,8
BRDA:52,6,1,151
BRDA:54,7,0,4
BRDA:54,7,1,4
BRDA:54,8,0,8
BRDA:54,8,1,8
BRDA:62,9,0,0
BRDA:62,9,1,1
BRDA:64,10,0,0
BRDA:64,10,1,0
BRDA:66,11,0,0
BRDA:66,11,1,1
BRDA:66,12,0,1
BRDA:66,12,1,1
BRDA:66,12,2,0
BRDA:72,13,0,2
BRDA:72,13,1,0
BRDA:74,14,0,1
BRDA:74,14,1,1
BRDA:87,15,0,7
BRDA:87,15,1,7
BRDA:98,16,0,14
BRDA:98,16,1,7
BRDA:105,17,0,14
BRDA:105,17,1,7
BRDA:110,18,0,7
BRDA:110,18,1,7
BRDA:135,19,0,70
BRDA:135,19,1,14
BRDA:142,20,0,70
BRDA:142,20,1,14
BRDA:144,21,0,14
BRDA:144,21,1,56
BRDA:154,22,0,5
BRDA:154,22,1,9
BRDA:164,23,0,35
BRDA:164,23,1,2
BRDA:168,24,0,2
BRDA:168,24,1,33
BRDA:172,25,0,35
BRDA:172,25,1,2
BRDA:248,26,0,2
BRDA:248,26,1,0
BRF:55
BRH:45
end_of_record
TN:
SF:src/components/ScreenHeader.js
FN:9,(anonymous_0)
FN:51,(anonymous_1)
FN:87,(anonymous_2)
FNF:3
FNH:3
FNDA:5,(anonymous_0)
FNDA:2,(anonymous_1)
FNDA:3,(anonymous_2)
DA:4,1
DA:5,1
DA:6,1
DA:7,1
DA:9,1
DA:10,5
DA:11,5
DA:13,5
DA:51,1
DA:53,2
DA:54,2
DA:56,0
DA:69,2
DA:87,1
DA:88,3
DA:103,1
DA:141,1
LF:17
LH:16
BRDA:11,0,0,5
BRDA:11,0,1,0
BRDA:11,1,0,0
BRDA:11,1,1,0
BRDA:29,2,0,5
BRDA:29,2,1,4
BRDA:39,3,0,5
BRDA:39,3,1,1
BRDA:45,4,0,5
BRDA:45,4,1,4
BRF:10
BRH:7
end_of_record
TN:
SF:src/components/StreakWidget.js
FN:33,(anonymous_0)
FN:43,(anonymous_1)
FN:51,(anonymous_2)
FN:56,(anonymous_3)
FN:61,(anonymous_4)
FN:69,(anonymous_5)
FN:82,(anonymous_6)
FN:94,(anonymous_7)
FN:105,(anonymous_8)
FN:108,(anonymous_9)
FN:114,(anonymous_10)
FN:188,(anonymous_11)
FN:212,(anonymous_12)
FN:224,(anonymous_13)
FN:225,(anonymous_14)
FN:355,(anonymous_15)
FN:384,(anonymous_16)
FN:394,(anonymous_17)
FN:422,(anonymous_18)
FNF:19
FNH:15
FNDA:13,(anonymous_0)
FNDA:13,(anonymous_1)
FNDA:13,(anonymous_2)
FNDA:13,(anonymous_3)
FNDA:26,(anonymous_4)
FNDA:13,(anonymous_5)
FNDA:15,(anonymous_6)
FNDA:0,(anonymous_7)
FNDA:0,(anonymous_8)
FNDA:0,(anonymous_9)
FNDA:15,(anonymous_10)
FNDA:15,(anonymous_11)
FNDA:13,(anonymous_12)
FNDA:13,(anonymous_13)
FNDA:91,(anonymous_14)
FNDA:15,(anonymous_15)
FNDA:182,(anonymous_16)
FNDA:182,(anonymous_17)
FNDA:0,(anonymous_18)
DA:13,1
DA:14,1
DA:22,1
DA:23,1
DA:24,1
DA:25,1
DA:26,1
DA:27,1
DA:28,1
DA:30,1
DA:33,1
DA:34,13
DA:35,13
DA:36,13
DA:37,11
DA:38,11
DA:39,2
DA:43,1
DA:44,13
DA:45,13
DA:46,11
DA:47,2
DA:51,1
DA:52,13
DA:56,1
DA:57,13
DA:61,1
DA:62,26
DA:63,56
DA:65,0
DA:69,1
DA:70,13
DA:71,13
DA:72,13
DA:73,13
DA:74,87
DA:75,11
DA:76,11
DA:79,13
DA:82,1
DA:83,15
DA:86,15
DA:87,15
DA:88,15
DA:89,15
DA:92,15
DA:95,0
DA:100,15
DA:103,15
DA:104,15
DA:106,0
DA:109,0
DA:114,15
DA:116,15
DA:123,15
DA:152,15
DA:155,15
DA:169,15
DA:172,15
DA:186,15
DA:188,15
DA:189,15
DA:190,15
DA:191,15
DA:196,15
DA:198,13
DA:199,13
DA:200,13
DA:201,13
DA:202,13
DA:203,13
DA:204,13
DA:205,13
DA:206,13
DA:207,13
DA:208,13
DA:209,13
DA:212,13
DA:213,13
DA:214,13
DA:215,13
DA:216,182
DA:217,182
DA:218,182
DA:220,13
DA:224,13
DA:225,91
DA:228,13
DA:230,13
DA:237,13
DA:238,13
DA:242,13
DA:356,15
DA:385,182
DA:395,182
DA:396,182
DA:398,182
DA:404,182
DA:405,13
DA:411,169
DA:422,0
DA:442,1
DA:720,1
LF:103
LH:98
BRDA:34,0,0,0
BRDA:34,0,1,13
BRDA:35,1,0,0
BRDA:35,1,1,13
BRDA:36,2,0,2
BRDA:36,2,1,11
BRDA:37,3,0,0
BRDA:37,3,1,11
BRDA:38,4,0,9
BRDA:38,4,1,2
BRDA:44,5,0,0
BRDA:44,5,1,13
BRDA:45,6,0,2
BRDA:45,6,1,11
BRDA:46,7,0,9
BRDA:46,7,1,2
BRDA:63,8,0,26
BRDA:63,8,1,30
BRDA:71,9,0,0
BRDA:71,9,1,13
BRDA:74,10,0,11
BRDA:74,10,1,76
BRDA:196,11,0,2
BRDA:196,11,1,13
BRDA:196,12,0,15
BRDA:196,12,1,14
BRDA:196,12,2,13
BRDA:198,13,0,13
BRDA:198,13,1,1
BRDA:199,14,0,13
BRDA:199,14,1,1
BRDA:200,15,0,13
BRDA:200,15,1,0
BRDA:201,16,0,13
BRDA:201,16,1,12
BRDA:202,17,0,13
BRDA:202,17,1,1
BRDA:203,18,0,13
BRDA:203,18,1,1
BRDA:237,19,0,1
BRDA:237,19,1,12
BRDA:238,20,0,1
BRDA:238,20,1,12
BRDA:246,21,0,11
BRDA:246,21,1,2
BRDA:265,22,0,12
BRDA:265,22,1,1
BRDA:284,23,0,12
BRDA:284,23,1,1
BRDA:285,24,0,12
BRDA:285,24,1,1
BRDA:296,25,0,12
BRDA:296,25,1,1
BRDA:303,26,0,11
BRDA:303,26,1,2
BRDA:313,27,0,1
BRDA:313,27,1,12
BRDA:322,28,0,12
BRDA:322,28,1,1
BRDA:332,29,0,13
BRDA:332,29,1,0
BRDA:353,30,0,11
BRDA:353,30,1,2
BRDA:361,31,0,0
BRDA:361,31,1,15
BRDA:372,32,0,12
BRDA:372,32,1,1
BRDA:376,33,0,11
BRDA:376,33,1,1
BRDA:400,34,0,136
BRDA:400,34,1,46
BRDA:401,35,0,182
BRDA:401,35,1,13
BRDA:404,36,0,13
BRDA:404,36,1,169
BRDA:419,37,0,1
BRDA:419,37,1,12
BRDA:419,38,0,13
BRDA:419,38,1,1
BRDA:419,38,2,1
BRDA:427,39,0,0
BRDA:427,39,1,1
BRDA:431,40,0,0
BRDA:431,40,1,1
BRF:84
BRH:74
end_of_record
TN:
SF:src/components/SubscriptionBanner.js
FN:24,(anonymous_0)
FN:32,(anonymous_1)
FN:43,(anonymous_2)
FN:56,(anonymous_3)
FN:62,(anonymous_4)
FN:67,(anonymous_5)
FN:69,(anonymous_6)
FNF:7
FNH:4
FNDA:15,(anonymous_0)
FNDA:8,(anonymous_1)
FNDA:6,(anonymous_2)
FNDA:0,(anonymous_3)
FNDA:0,(anonymous_4)
FNDA:2,(anonymous_5)
FNDA:0,(anonymous_6)
DA:12,1
DA:13,1
DA:14,1
DA:15,1
DA:16,1
DA:17,1
DA:18,1
DA:19,1
DA:21,1
DA:22,1
DA:24,1
DA:25,15
DA:26,15
DA:28,15
DA:29,15
DA:32,15
DA:34,8
DA:35,7
DA:36,7
DA:37,1
DA:38,1
DA:42,6
DA:44,6
DA:45,5
DA:46,5
DA:48,1
DA:49,1
DA:50,0
DA:51,0
DA:53,1
DA:54,1
DA:56,0
DA:57,0
DA:59,1
DA:63,0
DA:67,15
DA:68,2
DA:69,2
DA:72,15
DA:74,5
DA:107,1
DA:144,1
LF:42
LH:37
BRDA:25,0,0,15
BRDA:25,0,1,13
BRDA:26,1,0,15
BRDA:26,1,1,15
BRDA:34,2,0,1
BRDA:34,2,1,7
BRDA:35,3,0,7
BRDA:35,3,1,0
BRDA:36,4,0,1
BRDA:36,4,1,6
BRDA:44,5,0,5
BRDA:44,5,1,1
BRDA:49,6,0,0
BRDA:49,6,1,1
BRDA:54,7,0,0
BRDA:54,7,1,1
BRDA:72,8,0,10
BRDA:72,8,1,5
BRF:18
BRH:15
end_of_record
TN:
SF:src/components/SubscriptionGate.js
FN:31,(anonymous_0)
FN:48,(anonymous_1)
FNF:2
FNH:2
FNDA:11,(anonymous_0)
FNDA:1,(anonymous_1)
DA:17,1
DA:18,1
DA:19,1
DA:20,1
DA:21,1
DA:22,1
DA:23,1
DA:25,1
DA:31,1
DA:33,11
DA:34,11
DA:35,11
DA:36,11
DA:38,11
DA:39,11
DA:40,11
DA:42,11
DA:43,1
DA:46,10
DA:48,10
DA:49,1
DA:50,1
DA:57,10
DA:58,3
DA:61,3
DA:85,7
DA:88,7
DA:151,1
DA:248,1
LF:29
LH:29
BRDA:33,0,0,11
BRDA:33,0,1,1
BRDA:33,0,2,0
BRDA:34,1,0,11
BRDA:34,1,1,9
BRDA:34,1,2,8
BRDA:35,2,0,11
BRDA:35,2,1,8
BRDA:42,3,0,1
BRDA:42,3,1,10
BRDA:46,4,0,10
BRDA:46,4,1,0
BRDA:57,5,0,3
BRDA:57,5,1,7
BRDA:58,6,0,1
BRDA:58,6,1,2
BRDA:85,7,0,2
BRDA:85,7,1,5
BRDA:117,8,0,2
BRDA:117,8,1,5
BRDA:121,9,0,2
BRDA:121,9,1,5
BRF:22
BRH:20
end_of_record
TN:
SF:src/components/shared/Avatar.js
FN:7,(anonymous_0)
FNF:1
FNH:1
FNDA:7,(anonymous_0)
DA:4,1
DA:5,1
DA:7,1
DA:8,7
DA:9,7
DA:10,7
DA:11,7
DA:12,7
DA:14,7
DA:16,7
DA:26,7
DA:28,7
DA:29,1
DA:45,6
DA:68,1
LF:15
LH:15
BRDA:8,0,0,7
BRDA:8,0,1,2
BRDA:9,1,0,7
BRDA:9,1,1,6
BRDA:10,2,0,7
BRDA:10,2,1,6
BRDA:11,3,0,7
BRDA:11,3,1,6
BRDA:14,4,0,7
BRDA:14,4,1,2
BRDA:26,5,0,5
BRDA:26,5,1,2
BRDA:28,6,0,1
BRDA:28,6,1,6
BRF:14
BRH:14
end_of_record
TN:
SF:src/components/shared/GlassCard.js
FN:10,(anonymous_0)
FNF:1
FNH:1
FNDA:5,(anonymous_0)
DA:5,1
DA:6,1
DA:7,1
DA:8,1
DA:10,1
DA:11,5
DA:12,5
DA:13,5
DA:15,5
DA:35,1
DA:45,1
LF:11
LH:11
BRDA:11,0,0,1
BRDA:11,0,1,4
BRDA:12,1,0,1
BRDA:12,1,1,4
BRDA:13,2,0,5
BRDA:13,2,1,0
BRDA:13,2,2,5
BRF:7
BRH:6
end_of_record
TN:
SF:src/components/shared/GlassHeader.js
FN:17,(anonymous_0)
FN:68,(anonymous_1)
FNF:2
FNH:2
FNDA:15,(anonymous_0)
FNDA:10,(anonymous_1)
DA:12,1
DA:13,1
DA:14,1
DA:15,1
DA:17,1
DA:18,15
DA:19,15
DA:20,15
DA:21,15
DA:22,15
DA:26,15
DA:27,0
DA:28,15
DA:29,4
DA:42,11
DA:45,15
DA:69,10
DA:104,1
DA:155,1
LF:19
LH:18
BRDA:18,0,0,15
BRDA:18,0,1,1
BRDA:26,1,0,0
BRDA:26,1,1,15
BRDA:28,2,0,4
BRDA:28,2,1,11
BRDA:55,3,0,15
BRDA:55,3,1,14
BRDA:67,4,0,6
BRDA:67,4,1,9
BRDA:78,5,0,10
BRDA:78,5,1,3
BRDA:84,6,0,10
BRDA:84,6,1,10
BRDA:86,7,0,1
BRDA:86,7,1,9
BRDA:93,8,0,0
BRDA:93,8,1,1
BRF:18
BRH:16
end_of_record
TN:
SF:src/components/shared/OfflineBanner.js
FN:10,OfflineBanner
FN:40,OfflineDataBanner
FN:49,(anonymous_2)
FNF:3
FNH:3
FNDA:5,OfflineBanner
FNDA:4,OfflineDataBanner
FNDA:1,(anonymous_2)
DA:11,5
DA:14,5
DA:16,4
DA:17,4
DA:19,4
DA:20,2
DA:21,2
DA:22,1
DA:24,2
DA:25,2
DA:26,2
DA:29,4
DA:41,4
DA:43,4
DA:45,3
DA:49,1
DA:61,6
LF:17
LH:17
BRDA:14,0,0,1
BRDA:14,0,1,4
BRDA:14,1,0,5
BRDA:14,1,1,3
BRDA:19,2,0,2
BRDA:19,2,1,2
BRDA:21,3,0,1
BRDA:21,3,1,1
BRDA:22,4,0,1
BRDA:22,4,1,0
BRDA:24,5,0,2
BRDA:24,5,1,0
BRDA:25,6,0,1
BRDA:25,6,1,1
BRDA:43,7,0,1
BRDA:43,7,1,3
BRF:16
BRH:14
end_of_record
TN:
SF:src/components/shared/ScreenShell.js
FN:16,(anonymous_0)
FNF:1
FNH:1
FNDA:5,(anonymous_0)
DA:11,1
DA:12,1
DA:13,1
DA:14,1
DA:16,1
DA:17,5
DA:18,5
DA:19,5
DA:20,5
DA:22,5
DA:23,5
DA:24,5
DA:25,5
DA:26,5
DA:28,5
DA:48,1
DA:55,1
LF:17
LH:17
BRDA:19,0,0,5
BRDA:19,0,1,4
BRDA:23,1,0,5
BRDA:23,1,1,0
BRDA:24,2,0,1
BRDA:24,2,1,4
BRDA:25,3,0,0
BRDA:25,3,1,5
BRDA:26,4,0,0
BRDA:26,4,1,5
BRDA:37,5,0,0
BRDA:37,5,1,5
BRF:12
BRH:8
end_of_record
TN:
SF:src/config/featureFlags.js
FN:16,isEnabled
FNF:1
FNH:1
FNDA:8,isEnabled
DA:9,1
DA:17,8
DA:20,1
LF:3
LH:3
BRF:0
BRH:0
end_of_record
TN:
SF:src/config/onboardingTooltips.js
FN:124,(anonymous_0)
FN:139,(anonymous_1)
FNF:2
FNH:2
FNDA:6,(anonymous_0)
FNDA:5,(anonymous_1)
DA:13,1
DA:124,1
DA:125,6
DA:126,6
DA:128,5
DA:129,3
DA:130,1
DA:133,2
DA:139,1
DA:140,5
DA:141,5
DA:142,4
DA:143,3
DA:146,1
DA:147,1
DA:148,1
LF:16
LH:16
BRDA:126,0,0,1
BRDA:126,0,1,5
BRDA:128,1,0,3
BRDA:128,1,1,2
BRDA:129,2,0,2
BRDA:129,2,1,1
BRDA:129,3,0,2
BRDA:129,3,1,1
BRDA:130,4,0,1
BRDA:130,4,1,0
BRDA:141,5,0,1
BRDA:141,5,1,4
BRDA:142,6,0,1
BRDA:142,6,1,3
BRF:14
BRH:13
end_of_record
TN:
SF:src/context/AuthContext.jsx
FN:26,AuthProvider
FN:32,(anonymous_1)
FN:33,(anonymous_2)
FN:43,(anonymous_3)
FN:47,(anonymous_4)
FN:52,(anonymous_5)
FN:64,(anonymous_6)
FN:69,(anonymous_7)
FN:81,(anonymous_8)
FN:86,(anonymous_9)
FN:91,(anonymous_10)
FN:94,(anonymous_11)
FN:99,(anonymous_12)
FN:104,(anonymous_13)
FN:108,(anonymous_14)
FN:116,(anonymous_15)
FN:117,(anonymous_16)
FN:128,(anonymous_17)
FN:129,(anonymous_18)
FN:145,(anonymous_19)
FN:151,(anonymous_20)
FN:166,(anonymous_21)
FN:168,(anonymous_22)
FN:179,(anonymous_23)
FN:181,(anonymous_24)
FN:184,(anonymous_25)
FN:186,(anonymous_26)
FN:195,(anonymous_27)
FN:196,(anonymous_28)
FN:204,(anonymous_29)
FN:205,(anonymous_30)
FN:216,(anonymous_31)
FN:225,(anonymous_32)
FN:226,(anonymous_33)
FN:227,(anonymous_34)
FN:235,(anonymous_35)
FN:240,(anonymous_36)
FN:241,(anonymous_37)
FN:273,useAuth
FNF:39
FNH:35
FNDA:73,AuthProvider
FNDA:32,(anonymous_1)
FNDA:31,(anonymous_2)
FNDA:0,(anonymous_3)
FNDA:0,(anonymous_4)
FNDA:2,(anonymous_5)
FNDA:31,(anonymous_6)
FNDA:31,(anonymous_7)
FNDA:0,(anonymous_8)
FNDA:30,(anonymous_9)
FNDA:5,(anonymous_10)
FNDA:1,(anonymous_11)
FNDA:4,(anonymous_12)
FNDA:30,(anonymous_13)
FNDA:31,(anonymous_14)
FNDA:31,(anonymous_15)
FNDA:1,(anonymous_16)
FNDA:3,(anonymous_17)
FNDA:3,(anonymous_18)
FNDA:2,(anonymous_19)
FNDA:2,(anonymous_20)
FNDA:3,(anonymous_21)
FNDA:3,(anonymous_22)
FNDA:2,(anonymous_23)
FNDA:1,(anonymous_24)
FNDA:2,(anonymous_25)
FNDA:0,(anonymous_26)
FNDA:2,(anonymous_27)
FNDA:1,(anonymous_28)
FNDA:2,(anonymous_29)
FNDA:2,(anonymous_30)
FNDA:6,(anonymous_31)
FNDA:1,(anonymous_32)
FNDA:1,(anonymous_33)
FNDA:1,(anonymous_34)
FNDA:1,(anonymous_35)
FNDA:1,(anonymous_36)
FNDA:1,(anonymous_37)
FNDA:70,useAuth
DA:17,1
DA:19,1
DA:21,1
DA:24,1
DA:27,73
DA:28,73
DA:29,73
DA:32,73
DA:33,32
DA:34,31
DA:35,31
DA:37,31
DA:44,0
DA:47,31
DA:48,0
DA:51,31
DA:52,31
DA:53,2
DA:58,31
DA:63,73
DA:65,31
DA:68,31
DA:70,31
DA:71,31
DA:72,27
DA:73,27
DA:74,27
DA:75,27
DA:85,31
DA:87,30
DA:88,30
DA:89,5
DA:92,5
DA:94,5
DA:95,1
DA:96,1
DA:100,4
DA:101,4
DA:102,4
DA:105,30
DA:108,31
DA:109,31
DA:116,73
DA:117,31
DA:118,1
DA:119,1
DA:120,1
DA:123,31
DA:127,73
DA:129,3
DA:131,3
DA:132,1
DA:134,2
DA:135,2
DA:136,1
DA:137,1
DA:144,73
DA:146,2
DA:152,2
DA:153,1
DA:154,1
DA:155,1
DA:156,1
DA:158,0
DA:165,73
DA:167,3
DA:168,3
DA:169,3
DA:170,3
DA:171,2
DA:172,2
DA:179,73
DA:180,2
DA:185,2
DA:186,2
DA:187,2
DA:188,2
DA:194,73
DA:196,2
DA:197,1
DA:204,73
DA:205,2
DA:206,2
DA:207,1
DA:212,73
DA:213,73
DA:215,73
DA:217,6
DA:218,5
DA:219,5
DA:225,73
DA:226,1
DA:227,1
DA:228,1
DA:229,1
DA:235,73
DA:236,1
DA:240,73
DA:241,1
DA:242,1
DA:243,1
DA:244,1
DA:249,73
DA:251,73
DA:270,73
DA:274,70
DA:275,70
DA:276,68
LF:108
LH:105
BRDA:39,0,0,31
BRDA:39,0,1,0
BRDA:40,1,0,31
BRDA:40,1,1,31
BRDA:70,2,0,0
BRDA:70,2,1,31
BRDA:71,3,0,27
BRDA:71,3,1,4
BRDA:87,4,0,0
BRDA:87,4,1,30
BRDA:88,5,0,25
BRDA:88,5,1,5
BRDA:92,6,0,0
BRDA:92,6,1,5
BRDA:95,7,0,0
BRDA:95,7,1,1
BRDA:100,8,0,0
BRDA:100,8,1,4
BRDA:105,9,0,30
BRDA:105,9,1,0
BRDA:118,10,0,1
BRDA:118,10,1,0
BRDA:131,11,0,1
BRDA:131,11,1,2
BRDA:134,12,0,2
BRDA:134,12,1,1
BRDA:134,12,2,1
BRDA:134,12,3,1
BRDA:135,13,0,1
BRDA:135,13,1,1
BRDA:152,14,0,1
BRDA:152,14,1,1
BRDA:153,15,0,1
BRDA:153,15,1,0
BRDA:153,15,2,0
BRDA:153,15,3,0
BRDA:154,16,0,1
BRDA:154,16,1,0
BRDA:167,17,0,1
BRDA:167,17,1,2
BRDA:169,18,0,3
BRDA:169,18,1,1
BRDA:169,18,2,1
BRDA:169,18,3,1
BRDA:170,19,0,1
BRDA:170,19,1,2
BRDA:206,20,0,1
BRDA:206,20,1,1
BRDA:212,21,0,32
BRDA:212,21,1,41
BRDA:212,22,0,73
BRDA:212,22,1,33
BRDA:217,23,0,1
BRDA:217,23,1,5
BRDA:218,24,0,5
BRDA:218,24,1,0
BRDA:219,25,0,5
BRDA:219,25,1,2
BRDA:219,26,0,5
BRDA:219,26,1,2
BRDA:228,27,0,0
BRDA:228,27,1,1
BRDA:249,28,0,33
BRDA:249,28,1,40
BRDA:275,29,0,2
BRDA:275,29,1,68
BRF:66
BRH:52
end_of_record
TN:
SF:src/context/I18nContext.jsx
FN:32,getDeviceLanguage
FN:64,I18nProvider
FN:69,(anonymous_2)
FN:71,(anonymous_3)
FN:82,(anonymous_4)
FN:83,(anonymous_5)
FN:90,(anonymous_6)
FN:92,(anonymous_7)
FN:103,(anonymous_8)
FN:125,useT
FNF:10
FNH:9
FNDA:1,getDeviceLanguage
FNDA:36,I18nProvider
FNDA:17,(anonymous_2)
FNDA:15,(anonymous_3)
FNDA:1,(anonymous_4)
FNDA:16,(anonymous_5)
FNDA:36,(anonymous_6)
FNDA:0,(anonymous_7)
FNDA:9,(anonymous_8)
FNDA:38,useT
DA:22,1
DA:24,1
DA:26,1
DA:33,1
DA:35,1
DA:36,1
DA:37,1
DA:38,1
DA:39,1
DA:47,0
DA:48,0
DA:49,0
DA:59,0
DA:61,0
DA:65,36
DA:66,36
DA:69,36
DA:70,17
DA:72,15
DA:73,14
DA:76,1
DA:77,1
DA:78,1
DA:84,16
DA:89,36
DA:91,36
DA:92,19
DA:93,19
DA:94,19
DA:95,2
DA:102,36
DA:104,9
DA:105,9
DA:106,9
DA:107,3
DA:108,4
DA:111,9
DA:116,36
DA:118,36
DA:126,38
DA:127,38
DA:128,36
LF:42
LH:37
BRDA:36,0,0,1
BRDA:36,0,1,0
BRDA:36,1,0,1
BRDA:36,1,1,1
BRDA:38,2,0,1
BRDA:38,2,1,0
BRDA:38,3,0,1
BRDA:38,3,1,1
BRDA:48,4,0,0
BRDA:48,4,1,0
BRDA:50,5,0,0
BRDA:50,5,1,0
BRDA:50,5,2,0
BRDA:50,5,3,0
BRDA:50,5,4,0
BRDA:50,5,5,0
BRDA:50,5,6,0
BRDA:50,5,7,0
BRDA:59,6,0,0
BRDA:59,6,1,0
BRDA:59,6,2,0
BRDA:61,7,0,0
BRDA:61,7,1,0
BRDA:72,8,0,14
BRDA:72,8,1,1
BRDA:72,9,0,15
BRDA:72,9,1,15
BRDA:77,10,0,1
BRDA:77,10,1,0
BRDA:91,11,0,17
BRDA:91,11,1,19
BRDA:94,12,0,2
BRDA:94,12,1,17
BRDA:104,13,0,9
BRDA:104,13,1,0
BRDA:105,14,0,9
BRDA:105,14,1,2
BRDA:105,14,2,1
BRDA:106,15,0,3
BRDA:106,15,1,6
BRDA:127,16,0,2
BRDA:127,16,1,36
BRF:42
BRH:23
end_of_record
TN:
SF:src/context/NetworkContext.jsx
FN:16,checkConnectivity
FN:23,(anonymous_1)
FN:32,(anonymous_2)
FN:36,(anonymous_3)
FN:42,NetworkProvider
FN:48,(anonymous_5)
FN:49,(anonymous_6)
FN:51,(anonymous_7)
FN:54,(anonymous_8)
FN:55,(anonymous_9)
FN:61,(anonymous_10)
FN:64,(anonymous_11)
FN:74,(anonymous_12)
FN:77,(anonymous_13)
FN:83,(anonymous_14)
FN:84,(anonymous_15)
FN:89,(anonymous_16)
FN:97,useNetwork
FNF:18
FNH:16
FNDA:17,checkConnectivity
FNDA:0,(anonymous_1)
FNDA:15,(anonymous_2)
FNDA:2,(anonymous_3)
FNDA:18,NetworkProvider
FNDA:18,(anonymous_5)
FNDA:17,(anonymous_6)
FNDA:1,(anonymous_7)
FNDA:17,(anonymous_8)
FNDA:17,(anonymous_9)
FNDA:1,(anonymous_10)
FNDA:0,(anonymous_11)
FNDA:14,(anonymous_12)
FNDA:14,(anonymous_13)
FNDA:14,(anonymous_14)
FNDA:4,(anonymous_15)
FNDA:14,(anonymous_16)
FNDA:31,useNetwork
DA:11,7
DA:13,7
DA:14,7
DA:18,17
DA:19,17
DA:21,0
DA:23,17
DA:24,0
DA:27,17
DA:33,15
DA:34,15
DA:37,2
DA:38,2
DA:43,18
DA:44,18
DA:45,18
DA:46,18
DA:48,18
DA:49,18
DA:50,17
DA:54,18
DA:55,17
DA:56,17
DA:57,17
DA:59,1
DA:60,1
DA:62,1
DA:66,17
DA:67,2
DA:69,17
DA:74,18
DA:75,14
DA:76,14
DA:77,14
DA:78,14
DA:83,18
DA:84,14
DA:85,4
DA:86,3
DA:89,14
DA:92,18
DA:94,18
DA:98,31
LF:43
LH:41
BRDA:24,0,0,0
BRDA:24,0,1,0
BRDA:29,1,0,17
BRDA:29,1,1,0
BRDA:57,2,0,1
BRDA:57,2,1,16
BRDA:57,3,0,17
BRDA:57,3,1,15
BRDA:66,4,0,2
BRDA:66,4,1,15
BRDA:78,5,0,14
BRDA:78,5,1,0
BRDA:85,6,0,3
BRDA:85,6,1,1
BRF:14
BRH:10
end_of_record
TN:
SF:src/context/ThemeContext.jsx
FN:32,hexToRgb
FN:72,ThemeProvider
FN:79,(anonymous_2)
FN:84,(anonymous_3)
FN:90,(anonymous_4)
FN:91,(anonymous_5)
FN:108,(anonymous_6)
FN:120,(anonymous_7)
FN:122,(anonymous_8)
FN:129,(anonymous_9)
FN:131,(anonymous_10)
FN:137,(anonymous_11)
FN:147,(anonymous_12)
FN:180,useTheme
FNF:14
FNH:12
FNDA:56,hexToRgb
FNDA:56,ThemeProvider
FNDA:22,(anonymous_2)
FNDA:21,(anonymous_3)
FNDA:1,(anonymous_4)
FNDA:22,(anonymous_5)
FNDA:51,(anonymous_6)
FNDA:52,(anonymous_7)
FNDA:0,(anonymous_8)
FNDA:48,(anonymous_9)
FNDA:0,(anonymous_10)
FNDA:9,(anonymous_11)
FNDA:8,(anonymous_12)
FNDA:58,useTheme
DA:13,1
DA:15,1
DA:18,1
DA:33,56
DA:34,56
DA:35,56
DA:43,1
DA:58,1
DA:74,56
DA:75,56
DA:76,56
DA:79,56
DA:80,22
DA:85,21
DA:86,21
DA:87,21
DA:88,21
DA:92,22
DA:97,56
DA:98,56
DA:101,56
DA:102,56
DA:103,56
DA:104,56
DA:107,56
DA:109,51
DA:110,29
DA:111,29
DA:112,0
DA:119,56
DA:121,52
DA:122,30
DA:128,56
DA:130,48
DA:131,26
DA:137,56
DA:138,9
DA:139,6
DA:140,3
DA:141,1
DA:142,2
DA:143,1
DA:147,56
DA:148,8
DA:149,4
DA:153,56
DA:177,56
DA:181,58
DA:182,58
DA:183,56
LF:50
LH:49
BRDA:34,0,0,0
BRDA:34,0,1,56
BRDA:87,1,0,1
BRDA:87,1,1,20
BRDA:88,2,0,1
BRDA:88,2,1,20
BRDA:97,3,0,6
BRDA:97,3,1,50
BRDA:98,4,0,6
BRDA:98,4,1,50
BRDA:109,5,0,22
BRDA:109,5,1,29
BRDA:111,6,0,0
BRDA:111,6,1,29
BRDA:121,7,0,22
BRDA:121,7,1,30
BRDA:130,8,0,22
BRDA:130,8,1,26
BRDA:138,9,0,6
BRDA:138,9,1,3
BRDA:138,10,0,9
BRDA:138,10,1,8
BRDA:138,10,2,4
BRDA:140,11,0,1
BRDA:140,11,1,2
BRDA:142,12,0,1
BRDA:142,12,1,1
BRDA:148,13,0,4
BRDA:148,13,1,4
BRDA:148,14,0,8
BRDA:148,14,1,6
BRDA:182,15,0,2
BRDA:182,15,1,56
BRF:33
BRH:31
end_of_record
TN:
SF:src/context/ToastContext.jsx
FN:6,useToast
FN:12,ToastProvider
FN:13,(anonymous_2)
FN:31,(anonymous_3)
FNF:4
FNH:4
FNDA:12,useToast
FNDA:10,ToastProvider
FNDA:9,(anonymous_2)
FNDA:1,(anonymous_3)
DA:4,1
DA:7,12
DA:8,12
DA:9,10
DA:13,10
DA:14,9
DA:15,9
DA:18,9
DA:19,9
DA:20,7
DA:22,9
DA:31,10
DA:32,1
DA:35,10
LF:14
LH:14
BRDA:8,0,0,2
BRDA:8,0,1,10
BRDA:14,1,0,2
BRDA:14,1,1,7
BRDA:15,2,0,8
BRDA:15,2,1,1
BRDA:19,3,0,2
BRDA:19,3,1,7
BRDA:20,4,0,3
BRDA:20,4,1,4
BRDA:20,5,0,7
BRDA:20,5,1,5
BRF:12
BRH:12
end_of_record
TN:
SF:src/hooks/useChatSocket.js
FN:8,(anonymous_0)
FN:17,(anonymous_1)
FN:21,(anonymous_2)
FN:24,(anonymous_3)
FN:27,(anonymous_4)
FN:38,(anonymous_5)
FN:45,(anonymous_6)
FN:52,(anonymous_7)
FNF:8
FNH:8
FNDA:25,(anonymous_0)
FNDA:22,(anonymous_1)
FNDA:2,(anonymous_2)
FNDA:1,(anonymous_3)
FNDA:7,(anonymous_4)
FNDA:17,(anonymous_5)
FNDA:2,(anonymous_6)
FNDA:2,(anonymous_7)
DA:5,1
DA:6,1
DA:8,1
DA:9,25
DA:10,25
DA:11,25
DA:12,25
DA:13,25
DA:14,25
DA:16,25
DA:18,22
DA:19,17
DA:22,2
DA:25,1
DA:28,7
DA:29,6
DA:30,3
DA:32,6
DA:33,2
DA:37,17
DA:38,17
DA:39,17
DA:45,25
DA:46,2
DA:47,1
DA:49,1
DA:52,25
DA:53,2
DA:54,1
DA:58,25
DA:65,1
LF:31
LH:31
BRDA:11,0,0,25
BRDA:11,0,1,5
BRDA:11,0,2,21
BRDA:12,1,0,25
BRDA:12,1,1,5
BRDA:12,1,2,21
BRDA:13,2,0,25
BRDA:13,2,1,5
BRDA:13,2,2,23
BRDA:14,3,0,25
BRDA:14,3,1,5
BRDA:14,3,2,23
BRDA:18,4,0,5
BRDA:18,4,1,17
BRDA:18,5,0,22
BRDA:18,5,1,18
BRDA:28,6,0,1
BRDA:28,6,1,6
BRDA:29,7,0,3
BRDA:29,7,1,3
BRDA:29,8,0,6
BRDA:29,8,1,4
BRDA:30,9,0,2
BRDA:30,9,1,1
BRDA:32,10,0,2
BRDA:32,10,1,4
BRDA:33,11,0,1
BRDA:33,11,1,1
BRDA:39,12,0,17
BRDA:39,12,1,0
BRDA:46,13,0,1
BRDA:46,13,1,1
BRDA:53,14,0,1
BRDA:53,14,1,1
BRF:34
BRH:33
end_of_record
TN:
SF:src/hooks/useInfiniteList.js
FN:19,(anonymous_0)
FN:28,(anonymous_1)
FN:35,(anonymous_2)
FN:42,(anonymous_3)
FN:48,(anonymous_4)
FN:63,(anonymous_5)
FN:72,(anonymous_6)
FNF:7
FNH:6
FNDA:21,(anonymous_0)
FNDA:2,(anonymous_1)
FNDA:12,(anonymous_2)
FNDA:25,(anonymous_3)
FNDA:6,(anonymous_4)
FNDA:7,(anonymous_5)
FNDA:0,(anonymous_6)
DA:15,1
DA:16,1
DA:17,1
DA:19,1
DA:20,21
DA:21,21
DA:22,21
DA:23,21
DA:24,21
DA:27,21
DA:29,2
DA:33,21
DA:36,12
DA:37,12
DA:38,12
DA:40,12
DA:43,25
DA:45,25
DA:47,6
DA:48,6
DA:49,6
DA:50,6
DA:52,6
DA:54,19
DA:61,21
DA:62,21
DA:63,7
DA:64,7
DA:65,7
DA:66,7
DA:72,21
DA:75,0
DA:78,21
DA:93,1
LF:34
LH:33
BRDA:22,0,0,21
BRDA:22,0,1,16
BRDA:24,1,0,21
BRDA:24,1,1,20
BRDA:36,2,0,12
BRDA:36,2,1,12
BRDA:37,3,0,1
BRDA:37,3,1,11
BRDA:39,4,0,1
BRDA:39,4,1,11
BRDA:43,5,0,0
BRDA:43,5,1,25
BRDA:45,6,0,6
BRDA:45,6,1,19
BRDA:49,7,0,6
BRDA:49,7,1,6
BRDA:49,7,2,0
BRDA:49,7,3,0
BRDA:50,8,0,6
BRDA:50,8,1,0
BRDA:62,9,0,7
BRDA:62,9,1,14
BRDA:62,10,0,21
BRDA:62,10,1,7
BRDA:64,11,0,7
BRDA:64,11,1,7
BRDA:64,11,2,1
BRDA:64,11,3,1
BRDA:64,11,4,0
BRDA:64,11,5,0
BRDA:65,12,0,7
BRDA:65,12,1,0
BRF:32
BRH:25
end_of_record
TN:
SF:src/hooks/useOnboardingTooltip.js
FN:10,(anonymous_0)
FN:14,(anonymous_1)
FN:17,(anonymous_2)
FN:19,(anonymous_3)
FN:25,(anonymous_4)
FN:35,(anonymous_5)
FN:38,(anonymous_6)
FN:44,(anonymous_7)
FN:47,(anonymous_8)
FN:53,(anonymous_9)
FN:55,(anonymous_10)
FN:73,(anonymous_11)
FN:75,(anonymous_12)
FN:76,(anonymous_13)
FN:83,(anonymous_14)
FNF:15
FNH:12
FNDA:20,(anonymous_0)
FNDA:10,(anonymous_1)
FNDA:7,(anonymous_2)
FNDA:6,(anonymous_3)
FNDA:1,(anonymous_4)
FNDA:2,(anonymous_5)
FNDA:0,(anonymous_6)
FNDA:1,(anonymous_7)
FNDA:0,(anonymous_8)
FNDA:2,(anonymous_9)
FNDA:0,(anonymous_10)
FNDA:3,(anonymous_11)
FNDA:2,(anonymous_12)
FNDA:4,(anonymous_13)
FNDA:1,(anonymous_14)
DA:5,1
DA:6,1
DA:8,1
DA:10,1
DA:11,20
DA:12,20
DA:14,20
DA:15,10
DA:17,7
DA:18,7
DA:20,6
DA:21,4
DA:23,6
DA:27,1
DA:28,1
DA:32,7
DA:35,20
DA:36,2
DA:37,2
DA:38,1
DA:44,20
DA:45,1
DA:46,1
DA:47,1
DA:53,20
DA:54,2
DA:55,1
DA:56,1
DA:60,20
DA:73,1
DA:74,3
DA:76,2
DA:77,4
DA:79,2
DA:80,1
DA:86,1
DA:87,1
DA:88,1
LF:38
LH:38
BRDA:15,0,0,3
BRDA:15,0,1,7
BRDA:20,1,0,4
BRDA:20,1,1,2
BRDA:37,2,0,1
BRDA:37,2,1,1
BRDA:46,3,0,1
BRDA:46,3,1,0
BRDA:54,4,0,1
BRDA:54,4,1,1
BRDA:79,5,0,1
BRDA:79,5,1,1
BRF:12
BRH:11
end_of_record
TN:
SF:src/hooks/useSocialFeedSocket.js
FN:8,(anonymous_0)
FN:17,(anonymous_1)
FN:21,(anonymous_2)
FN:29,(anonymous_3)
FNF:4
FNH:4
FNDA:12,(anonymous_0)
FNDA:12,(anonymous_1)
FNDA:6,(anonymous_2)
FNDA:10,(anonymous_3)
DA:4,1
DA:5,1
DA:6,1
DA:8,1
DA:9,12
DA:10,12
DA:11,12
DA:12,12
DA:13,12
DA:14,12
DA:16,12
DA:18,12
DA:19,10
DA:22,6
DA:23,4
DA:24,4
DA:28,10
DA:29,10
DA:30,10
DA:37,1
LF:20
LH:20
BRDA:13,0,0,12
BRDA:13,0,1,2
BRDA:13,0,2,10
BRDA:14,1,0,12
BRDA:14,1,1,2
BRDA:14,1,2,10
BRDA:18,2,0,2
BRDA:18,2,1,10
BRDA:22,3,0,4
BRDA:22,3,1,2
BRDA:22,4,0,6
BRDA:22,4,1,3
BRDA:24,5,0,1
BRDA:24,5,1,3
BRDA:30,6,0,10
BRDA:30,6,1,0
BRF:16
BRH:15
end_of_record
TN:
SF:src/hooks/useSubscriptionError.js
FN:17,(anonymous_0)
FN:25,(anonymous_1)
FN:26,(anonymous_2)
FN:46,(anonymous_3)
FNF:4
FNH:4
FNDA:28,(anonymous_0)
FNDA:17,(anonymous_1)
FNDA:11,(anonymous_2)
FNDA:2,(anonymous_3)
DA:14,1
DA:15,1
DA:17,1
DA:18,28
DA:25,28
DA:26,17
DA:27,11
DA:28,9
DA:29,9
DA:30,9
DA:31,9
DA:35,9
DA:43,17
DA:46,28
DA:47,2
DA:55,28
DA:64,1
LF:17
LH:17
BRDA:27,0,0,9
BRDA:27,0,1,2
BRDA:28,1,0,9
BRDA:28,1,1,1
BRDA:29,2,0,9
BRDA:29,2,1,2
BRDA:31,3,0,5
BRDA:31,3,1,4
BRDA:37,4,0,9
BRDA:37,4,1,2
BRDA:38,5,0,9
BRDA:38,5,1,4
BRF:12
BRH:12
end_of_record
TN:
SF:src/navigation/AuthStack.jsx
FN:25,AuthStack
FNF:1
FNH:0
FNDA:0,AuthStack
DA:11,0
DA:12,0
DA:13,0
DA:14,0
DA:15,0
DA:16,0
DA:17,0
DA:20,0
DA:21,0
DA:23,0
DA:26,0
LF:11
LH:0
BRF:0
BRH:0
end_of_record
TN:
SF:src/navigation/MainTabs.jsx
FN:44,HomeStackScreen
FN:54,CalendarStackScreen
FN:63,SocialStackScreen
FN:72,ConversationsStackScreen
FN:81,ProfileStackScreen
FN:92,TabIcon
FN:106,MainTabs
FN:135,(anonymous_7)
FN:145,(anonymous_8)
FN:155,(anonymous_9)
FN:165,(anonymous_10)
FN:175,(anonymous_11)
FNF:12
FNH:0
FNDA:0,HomeStackScreen
FNDA:0,CalendarStackScreen
FNDA:0,SocialStackScreen
FNDA:0,ConversationsStackScreen
FNDA:0,ProfileStackScreen
FNDA:0,TabIcon
FNDA:0,MainTabs
FNDA:0,(anonymous_7)
FNDA:0,(anonymous_8)
FNDA:0,(anonymous_9)
FNDA:0,(anonymous_10)
FNDA:0,(anonymous_11)
DA:22,0
DA:25,0
DA:28,0
DA:31,0
DA:34,0
DA:37,0
DA:43,0
DA:45,0
DA:53,0
DA:55,0
DA:62,0
DA:64,0
DA:71,0
DA:73,0
DA:80,0
DA:82,0
DA:93,0
DA:100,0
DA:104,0
DA:107,0
DA:109,0
DA:136,0
DA:146,0
DA:156,0
DA:166,0
DA:176,0
DA:184,0
LF:27
LH:0
BRDA:94,0,0,0
BRDA:94,0,1,0
BRDA:95,1,0,0
BRDA:95,1,1,0
BRDA:96,2,0,0
BRDA:96,2,1,0
BRDA:97,3,0,0
BRDA:97,3,1,0
BRDA:98,4,0,0
BRDA:98,4,1,0
BRDA:100,5,0,0
BRDA:100,5,1,0
BRDA:121,6,0,0
BRDA:121,6,1,0
BRDA:122,7,0,0
BRDA:122,7,1,0
BRF:16
BRH:0
end_of_record
TN:
SF:src/navigation/RootNavigator.jsx
FN:128,RootNavigator
FN:132,(anonymous_1)
FNF:2
FNH:2
FNDA:16,RootNavigator
FNDA:16,(anonymous_1)
DA:14,1
DA:25,1
DA:26,1
DA:27,1
DA:28,1
DA:29,1
DA:30,1
DA:31,1
DA:34,1
DA:35,1
DA:36,1
DA:37,1
DA:38,1
DA:39,1
DA:40,1
DA:43,1
DA:44,1
DA:45,1
DA:46,1
DA:47,1
DA:48,1
DA:49,1
DA:50,1
DA:51,1
DA:52,1
DA:53,1
DA:54,1
DA:57,1
DA:58,1
DA:59,1
DA:62,1
DA:63,1
DA:64,1
DA:65,1
DA:66,1
DA:67,1
DA:70,1
DA:71,1
DA:72,1
DA:73,1
DA:74,1
DA:75,1
DA:76,1
DA:77,1
DA:78,1
DA:79,1
DA:80,1
DA:83,1
DA:84,1
DA:87,1
DA:88,1
DA:91,1
DA:92,1
DA:95,1
DA:98,1
DA:101,1
DA:102,1
DA:105,1
DA:106,1
DA:107,1
DA:108,1
DA:109,1
DA:110,1
DA:111,1
DA:114,1
DA:115,1
DA:118,1
DA:121,1
DA:124,1
DA:126,1
DA:129,16
DA:130,16
DA:131,16
DA:132,16
DA:133,16
DA:134,16
DA:139,16
DA:140,2
DA:147,14
DA:159,14
DA:265,1
LF:81
LH:81
BRDA:133,0,0,16
BRDA:133,0,1,0
BRDA:139,1,0,2
BRDA:139,1,1,14
BRDA:139,2,0,16
BRDA:139,2,1,15
BRDA:162,3,0,5
BRDA:162,3,1,9
BRDA:165,4,0,1
BRDA:165,4,1,8
BRDA:165,5,0,9
BRDA:165,5,1,9
BRDA:168,6,0,2
BRDA:168,6,1,6
BRDA:168,7,0,8
BRDA:168,7,1,8
BRF:16
BRH:15
end_of_record
TN:
SF:src/navigation/routes.js
FNF:0
FNH:0
DA:12,1
DA:126,1
DA:209,1
LF:3
LH:3
BRF:0
BRH:0
end_of_record
TN:
SF:src/screens/auth/ChangePasswordScreen/ChangePasswordScreen.js
FN:14,ChangePasswordScreen
FN:22,(anonymous_1)
FN:75,(anonymous_2)
FNF:3
FNH:1
FNDA:6,ChangePasswordScreen
FNDA:0,(anonymous_1)
FNDA:0,(anonymous_2)
DA:5,1
DA:9,1
DA:10,1
DA:11,1
DA:12,1
DA:15,6
DA:17,6
DA:22,0
DA:76,0
DA:143,1
DA:173,1
LF:11
LH:9
BRDA:18,0,0,6
BRDA:18,0,1,0
BRDA:36,1,0,1
BRDA:36,1,1,5
BRDA:72,2,0,0
BRDA:72,2,1,6
BRDA:79,3,0,0
BRDA:79,3,1,0
BRDA:102,4,0,0
BRDA:102,4,1,6
BRDA:102,5,0,6
BRDA:102,5,1,0
BRDA:102,5,2,0
BRDA:105,6,0,0
BRDA:105,6,1,6
BRDA:105,7,0,6
BRDA:105,7,1,0
BRDA:105,7,2,0
BRDA:110,8,0,6
BRDA:110,8,1,0
BRDA:118,9,0,0
BRDA:118,9,1,6
BRDA:133,10,0,1
BRDA:133,10,1,5
BRF:24
BRH:12
end_of_record
TN:
SF:src/screens/auth/ChangePasswordScreen/index.js
FNF:0
FNH:0
DA:1,0
LF:1
LH:0
BRF:0
BRH:0
end_of_record
TN:
SF:src/screens/auth/ChangePasswordScreen/useChangePasswordScreen.js
FN:11,getPasswordStrength
FN:24,useChangePasswordScreen
FN:26,(anonymous_2)
FN:39,(anonymous_3)
FN:59,(anonymous_4)
FN:64,(anonymous_5)
FN:68,(anonymous_6)
FN:80,(anonymous_7)
FNF:8
FNH:0
FNDA:0,getPasswordStrength
FNDA:0,useChangePasswordScreen
FNDA:0,(anonymous_2)
FNDA:0,(anonymous_3)
FNDA:0,(anonymous_4)
FNDA:0,(anonymous_5)
FNDA:0,(anonymous_6)
FNDA:0,(anonymous_7)
DA:6,0
DA:7,0
DA:8,0
DA:9,0
DA:12,0
DA:13,0
DA:14,0
DA:15,0
DA:16,0
DA:17,0
DA:18,0
DA:19,0
DA:20,0
DA:21,0
DA:25,0
DA:26,0
DA:27,0
DA:28,0
DA:29,0
DA:30,0
DA:31,0
DA:32,0
DA:33,0
DA:34,0
DA:35,0
DA:37,0
DA:39,0
DA:40,0
DA:41,0
DA:42,0
DA:43,0
DA:45,0
DA:46,0
DA:47,0
DA:49,0
DA:50,0
DA:51,0
DA:53,0
DA:54,0
DA:60,0
DA:61,0
DA:62,0
DA:63,0
DA:64,0
DA:65,0
DA:69,0
DA:71,0
DA:75,0
DA:77,0
DA:81,0
DA:85,0
DA:108,0
LF:52
LH:0
BRDA:12,0,0,0
BRDA:12,0,1,0
BRDA:14,1,0,0
BRDA:14,1,1,0
BRDA:15,2,0,0
BRDA:15,2,1,0
BRDA:16,3,0,0
BRDA:16,3,1,0
BRDA:17,4,0,0
BRDA:17,4,1,0
BRDA:18,5,0,0
BRDA:18,5,1,0
BRDA:19,6,0,0
BRDA:19,6,1,0
BRDA:20,7,0,0
BRDA:20,7,1,0
BRDA:41,8,0,0
BRDA:41,8,1,0
BRDA:45,9,0,0
BRDA:45,9,1,0
BRDA:49,10,0,0
BRDA:49,10,1,0
BRDA:69,11,0,0
BRDA:69,11,1,0
BRDA:71,12,0,0
BRDA:71,12,1,0
BRDA:71,12,2,0
BRDA:71,12,3,0
BRDA:75,13,0,0
BRDA:75,13,1,0
BRDA:75,13,2,0
BRDA:75,13,3,0
BRDA:77,14,0,0
BRDA:77,14,1,0
BRDA:77,14,2,0
BRF:35
BRH:0
end_of_record
TN:
SF:src/screens/auth/CheckEmailScreen/CheckEmailScreen.js
FN:10,CheckEmailScreen
FN:47,(anonymous_1)
FNF:2
FNH:1
FNDA:6,CheckEmailScreen
FNDA:0,(anonymous_1)
DA:4,1
DA:5,1
DA:6,1
DA:7,1
DA:8,1
DA:11,6
DA:13,6
DA:47,0
DA:60,1
DA:75,1
LF:10
LH:9
BRDA:23,0,0,6
BRDA:23,0,1,0
BRDA:30,1,0,6
BRDA:30,1,1,6
BRDA:34,2,0,1
BRDA:34,2,1,5
BRDA:35,3,0,6
BRDA:35,3,1,6
BRDA:37,4,0,0
BRDA:37,4,1,6
BRDA:40,5,0,6
BRDA:40,5,1,1
BRDA:41,6,0,1
BRDA:41,6,1,5
BRF:14
BRH:12
end_of_record
TN:
SF:src/screens/auth/CheckEmailScreen/index.js
FNF:0
FNH:0
DA:1,0
LF:1
LH:0
BRF:0
BRH:0
end_of_record
TN:
SF:src/screens/auth/CheckEmailScreen/useCheckEmailScreen.js
FN:10,useCheckEmailScreen
FN:13,(anonymous_1)
FN:19,(anonymous_2)
FN:24,(anonymous_3)
FN:27,(anonymous_4)
FN:30,(anonymous_5)
FNF:6
FNH:0
FNDA:0,useCheckEmailScreen
FNDA:0,(anonymous_1)
FNDA:0,(anonymous_2)
FNDA:0,(anonymous_3)
FNDA:0,(anonymous_4)
FNDA:0,(anonymous_5)
DA:5,0
DA:6,0
DA:7,0
DA:8,0
DA:11,0
DA:12,0
DA:13,0
DA:14,0
DA:15,0
DA:16,0
DA:17,0
DA:19,0
DA:20,0
DA:21,0
DA:22,0
DA:23,0
DA:25,0
DA:28,0
DA:31,0
DA:35,0
DA:46,0
LF:21
LH:0
BRDA:14,0,0,0
BRDA:14,0,1,0
BRDA:14,0,2,0
BRDA:20,1,0,0
BRDA:20,1,1,0
BRDA:20,2,0,0
BRDA:20,2,1,0
BRDA:28,3,0,0
BRDA:28,3,1,0
BRDA:28,3,2,0
BRF:10
BRH:0
end_of_record
TN:
SF:src/screens/auth/EmailGateScreen/EmailGateScreen.js
FN:20,(anonymous_0)
FNF:1
FNH:1
FNDA:6,(anonymous_0)
DA:6,1
DA:13,1
DA:14,1
DA:15,1
DA:16,1
DA:17,1
DA:18,1
DA:20,1
DA:21,6
DA:23,6
DA:128,1
DA:271,1
LF:12
LH:12
BRDA:41,0,0,6
BRDA:41,0,1,0
BRDA:54,1,0,1
BRDA:54,1,1,5
BRDA:80,2,0,6
BRDA:80,2,1,6
BRDA:84,3,0,0
BRDA:84,3,1,6
BRDA:85,4,0,6
BRDA:85,4,1,6
BRDA:87,5,0,0
BRDA:87,5,1,6
BRDA:93,6,0,0
BRDA:93,6,1,6
BRDA:98,7,0,6
BRDA:98,7,1,0
BRDA:100,8,0,0
BRDA:100,8,1,6
BRF:18
BRH:12
end_of_record
TN:
SF:src/screens/auth/EmailGateScreen/index.js
FNF:0
FNH:0
DA:1,0
LF:1
LH:0
BRF:0
BRH:0
end_of_record
TN:
SF:src/screens/auth/EmailGateScreen/useEmailGateScreen.js
FN:15,useEmailGateScreen
FN:17,(anonymous_1)
FN:29,(anonymous_2)
FN:36,(anonymous_3)
FN:38,(anonymous_4)
FN:42,(anonymous_5)
FN:48,(anonymous_6)
FN:55,(anonymous_7)
FN:61,(anonymous_8)
FN:64,(anonymous_9)
FN:67,(anonymous_10)
FN:73,(anonymous_11)
FN:78,(anonymous_12)
FNF:13
FNH:0
FNDA:0,useEmailGateScreen
FNDA:0,(anonymous_1)
FNDA:0,(anonymous_2)
FNDA:0,(anonymous_3)
FNDA:0,(anonymous_4)
FNDA:0,(anonymous_5)
FNDA:0,(anonymous_6)
FNDA:0,(anonymous_7)
FNDA:0,(anonymous_8)
FNDA:0,(anonymous_9)
FNDA:0,(anonymous_10)
FNDA:0,(anonymous_11)
FNDA:0,(anonymous_12)
DA:7,0
DA:8,0
DA:9,0
DA:10,0
DA:11,0
DA:13,0
DA:16,0
DA:17,0
DA:19,0
DA:21,0
DA:22,0
DA:23,0
DA:24,0
DA:26,0
DA:29,0
DA:30,0
DA:31,0
DA:36,0
DA:37,0
DA:38,0
DA:39,0
DA:42,0
DA:43,0
DA:48,0
DA:49,0
DA:50,0
DA:55,0
DA:56,0
DA:57,0
DA:58,0
DA:59,0
DA:60,0
DA:62,0
DA:65,0
DA:68,0
DA:73,0
DA:74,0
DA:78,0
DA:79,0
DA:82,0
DA:96,0
LF:41
LH:0
BRDA:26,0,0,0
BRDA:26,0,1,0
BRDA:26,0,2,0
BRDA:30,1,0,0
BRDA:30,1,1,0
BRDA:37,2,0,0
BRDA:37,2,1,0
BRDA:43,3,0,0
BRDA:43,3,1,0
BRDA:49,4,0,0
BRDA:49,4,1,0
BRDA:49,5,0,0
BRDA:49,5,1,0
BRDA:56,6,0,0
BRDA:56,6,1,0
BRDA:56,7,0,0
BRDA:56,7,1,0
BRDA:65,8,0,0
BRDA:65,8,1,0
BRDA:65,8,2,0
BRDA:74,9,0,0
BRDA:74,9,1,0
BRDA:79,10,0,0
BRDA:79,10,1,0
BRF:24
BRH:0
end_of_record
TN:
SF:src/screens/auth/ForgotPasswordScreen/ForgotPasswordScreen.js
FN:14,ForgotPasswordScreen
FN:21,(anonymous_1)
FN:83,(anonymous_2)
FN:98,(anonymous_3)
FNF:4
FNH:1
FNDA:6,ForgotPasswordScreen
FNDA:0,(anonymous_1)
FNDA:0,(anonymous_2)
FNDA:0,(anonymous_3)
DA:5,1
DA:9,1
DA:10,1
DA:11,1
DA:12,1
DA:15,6
DA:17,6
DA:21,0
DA:83,0
DA:98,0
DA:108,1
DA:133,1
LF:12
LH:9
BRDA:18,0,0,6
BRDA:18,0,1,0
BRDA:26,1,0,6
BRDA:26,1,1,1
BRDA:27,2,0,1
BRDA:27,2,1,5
BRDA:32,3,0,5
BRDA:32,3,1,1
BRDA:37,4,0,1
BRDA:37,4,1,4
BRDA:60,5,0,5
BRDA:60,5,1,0
BRDA:69,6,0,0
BRDA:69,6,1,5
BRDA:95,7,0,5
BRDA:95,7,1,1
BRF:16
BRH:13
end_of_record
TN:
SF:src/screens/auth/ForgotPasswordScreen/index.js
FNF:0
FNH:0
DA:1,0
LF:1
LH:0
BRF:0
BRH:0
end_of_record
TN:
SF:src/screens/auth/ForgotPasswordScreen/useForgotPasswordScreen.js
FN:10,useForgotPasswordScreen
FN:12,(anonymous_1)
FN:18,(anonymous_2)
FN:26,(anonymous_3)
FN:29,(anonymous_4)
FN:32,(anonymous_5)
FNF:6
FNH:0
FNDA:0,useForgotPasswordScreen
FNDA:0,(anonymous_1)
FNDA:0,(anonymous_2)
FNDA:0,(anonymous_3)
FNDA:0,(anonymous_4)
FNDA:0,(anonymous_5)
DA:4,0
DA:5,0
DA:6,0
DA:7,0
DA:8,0
DA:11,0
DA:12,0
DA:13,0
DA:14,0
DA:15,0
DA:16,0
DA:18,0
DA:19,0
DA:20,0
DA:21,0
DA:22,0
DA:24,0
DA:25,0
DA:27,0
DA:30,0
DA:33,0
DA:37,0
DA:49,0
LF:23
LH:0
BRDA:20,0,0,0
BRDA:20,0,1,0
BRDA:30,1,0,0
BRDA:30,1,1,0
BRDA:30,1,2,0
BRF:5
BRH:0
end_of_record
TN:
SF:src/screens/auth/LoginScreen/LoginScreen.js
FN:21,LoginScreen
FN:150,(anonymous_1)
FN:161,(anonymous_2)
FN:233,(anonymous_3)
FNF:4
FNH:1
FNDA:11,LoginScreen
FNDA:0,(anonymous_1)
FNDA:0,(anonymous_2)
FNDA:0,(anonymous_3)
DA:5,1
DA:16,1
DA:17,1
DA:18,1
DA:19,1
DA:22,11
DA:24,11
DA:25,3
DA:87,8
DA:150,0
DA:161,0
DA:233,0
DA:246,1
DA:452,1
LF:14
LH:11
BRDA:24,0,0,3
BRDA:24,0,1,8
BRDA:28,1,0,3
BRDA:28,1,1,0
BRDA:42,2,0,0
BRDA:42,2,1,3
BRDA:62,3,0,3
BRDA:62,3,1,0
BRDA:71,4,0,0
BRDA:71,4,1,3
BRDA:90,5,0,8
BRDA:90,5,1,0
BRDA:109,6,0,1
BRDA:109,6,1,7
BRDA:153,7,0,0
BRDA:153,7,1,8
BRDA:155,8,0,0
BRDA:155,8,1,8
BRDA:174,9,0,8
BRDA:174,9,1,8
BRDA:174,9,2,0
BRDA:177,10,0,8
BRDA:177,10,1,8
BRDA:181,11,0,0
BRDA:181,11,1,8
BRDA:182,12,0,8
BRDA:182,12,1,8
BRDA:184,13,0,0
BRDA:184,13,1,8
BRDA:188,14,0,0
BRDA:188,14,1,8
BRF:31
BRH:20
end_of_record
TN:
SF:src/screens/auth/LoginScreen/index.js
FNF:0
FNH:0
DA:1,0
LF:1
LH:0
BRF:0
BRH:0
end_of_record
TN:
SF:src/screens/auth/LoginScreen/useLoginScreen.js
FN:15,useLoginScreen
FN:19,(anonymous_1)
FN:31,(anonymous_2)
FN:41,(anonymous_3)
FN:50,(anonymous_4)
FN:64,(anonymous_5)
FN:68,(anonymous_6)
FN:73,(anonymous_7)
FN:78,(anonymous_8)
FN:83,(anonymous_9)
FN:94,(anonymous_10)
FN:100,(anonymous_11)
FN:103,(anonymous_12)
FN:106,(anonymous_13)
FN:111,(anonymous_14)
FNF:15
FNH:14
FNDA:75,useLoginScreen
FNDA:8,(anonymous_1)
FNDA:17,(anonymous_2)
FNDA:8,(anonymous_3)
FNDA:4,(anonymous_4)
FNDA:1,(anonymous_5)
FNDA:12,(anonymous_6)
FNDA:1,(anonymous_7)
FNDA:1,(anonymous_8)
FNDA:2,(anonymous_9)
FNDA:1,(anonymous_10)
FNDA:1,(anonymous_11)
FNDA:0,(anonymous_12)
FNDA:1,(anonymous_13)
FNDA:1,(anonymous_14)
DA:7,1
DA:8,1
DA:9,1
DA:10,1
DA:11,1
DA:12,1
DA:13,1
DA:16,75
DA:17,75
DA:19,75
DA:20,75
DA:21,75
DA:22,75
DA:23,75
DA:24,75
DA:25,75
DA:26,75
DA:27,75
DA:28,75
DA:29,75
DA:31,75
DA:32,17
DA:33,17
DA:34,17
DA:35,17
DA:36,17
DA:37,17
DA:39,13
DA:40,13
DA:42,8
DA:43,4
DA:44,4
DA:45,4
DA:46,4
DA:48,4
DA:51,4
DA:52,0
DA:54,4
DA:55,4
DA:59,2
DA:60,2
DA:62,2
DA:63,2
DA:64,2
DA:65,1
DA:69,12
DA:73,75
DA:75,1
DA:78,75
DA:80,1
DA:83,75
DA:84,2
DA:85,1
DA:86,1
DA:88,1
DA:89,1
DA:90,1
DA:95,1
DA:96,1
DA:97,1
DA:98,1
DA:101,1
DA:104,0
DA:107,1
DA:111,75
DA:112,1
DA:113,1
DA:114,1
DA:115,1
DA:119,75
DA:120,75
DA:122,75
DA:148,1
LF:73
LH:71
BRDA:13,0,0,1
BRDA:13,0,1,0
BRDA:33,1,0,3
BRDA:33,1,1,14
BRDA:34,2,0,2
BRDA:34,2,1,15
BRDA:37,3,0,4
BRDA:37,3,1,13
BRDA:42,4,0,4
BRDA:42,4,1,4
BRDA:42,5,0,8
BRDA:42,5,1,8
BRDA:44,6,0,4
BRDA:44,6,1,0
BRDA:51,7,0,0
BRDA:51,7,1,4
BRDA:54,8,0,4
BRDA:54,8,1,3
BRDA:54,8,2,0
BRDA:55,9,0,2
BRDA:55,9,1,2
BRDA:56,10,0,4
BRDA:56,10,1,2
BRDA:62,11,0,2
BRDA:62,11,1,0
BRDA:84,12,0,1
BRDA:84,12,1,1
BRDA:95,13,0,1
BRDA:95,13,1,0
BRDA:96,14,0,0
BRDA:96,14,1,1
BRDA:97,15,0,1
BRDA:97,15,1,0
BRDA:104,16,0,0
BRDA:104,16,1,0
BRDA:104,16,2,0
BRDA:119,17,0,75
BRDA:119,17,1,0
BRF:38
BRH:26
end_of_record
TN:
SF:src/screens/auth/OnboardingScreen/OnboardingScreen.js
FN:32,(anonymous_0)
FN:37,(anonymous_1)
FN:61,(anonymous_2)
FN:96,(anonymous_3)
FN:150,(anonymous_4)
FN:160,(anonymous_5)
FN:168,(anonymous_6)
FN:201,(anonymous_7)
FN:217,(anonymous_8)
FN:260,(anonymous_9)
FN:276,(anonymous_10)
FN:297,(anonymous_11)
FNF:12
FNH:11
FNDA:8,(anonymous_0)
FNDA:8,(anonymous_1)
FNDA:4,(anonymous_2)
FNDA:1,(anonymous_3)
FNDA:1,(anonymous_4)
FNDA:2,(anonymous_5)
FNDA:0,(anonymous_6)
FNDA:1,(anonymous_7)
FNDA:4,(anonymous_8)
FNDA:1,(anonymous_9)
FNDA:4,(anonymous_10)
FNDA:8,(anonymous_11)
DA:9,1
DA:22,1
DA:23,1
DA:24,1
DA:25,1
DA:26,1
DA:27,1
DA:28,1
DA:30,1
DA:32,1
DA:33,8
DA:37,8
DA:38,8
DA:39,8
DA:40,40
DA:51,8
DA:61,8
DA:62,4
DA:96,8
DA:97,1
DA:150,8
DA:151,1
DA:161,2
DA:162,2
DA:168,0
DA:201,8
DA:202,1
DA:218,4
DA:260,8
DA:261,1
DA:277,4
DA:297,8
DA:298,8
DA:299,8
DA:300,8
DA:301,8
DA:303,8
DA:354,8
DA:355,4
DA:356,3
DA:357,2
DA:358,1
DA:360,8
DA:381,1
DA:741,1
LF:45
LH:44
BRDA:45,0,0,40
BRDA:45,0,1,8
BRDA:46,1,0,40
BRDA:46,1,1,10
BRDA:88,2,0,1
BRDA:88,2,1,3
BRDA:106,3,0,0
BRDA:106,3,1,1
BRDA:107,4,0,0
BRDA:107,4,1,1
BRDA:142,5,0,0
BRDA:142,5,1,1
BRDA:166,6,0,2
BRDA:166,6,1,0
BRDA:172,7,0,0
BRDA:172,7,1,2
BRDA:179,8,0,2
BRDA:179,8,1,0
BRDA:182,9,0,0
BRDA:182,9,1,2
BRDA:226,10,0,0
BRDA:226,10,1,1
BRDA:231,11,0,0
BRDA:231,11,1,1
BRDA:248,12,0,0
BRDA:248,12,1,1
BRDA:300,13,0,1
BRDA:300,13,1,7
BRDA:301,14,0,0
BRDA:301,14,1,8
BRDA:301,15,0,8
BRDA:301,15,1,1
BRDA:305,16,0,4
BRDA:305,16,1,4
BRDA:319,17,0,8
BRDA:319,17,1,0
BRDA:328,18,0,0
BRDA:328,18,1,8
BRDA:336,19,0,4
BRDA:336,19,1,4
BRDA:354,20,0,4
BRDA:354,20,1,4
BRDA:355,21,0,1
BRDA:355,21,1,3
BRDA:356,22,0,1
BRDA:356,22,1,2
BRDA:357,23,0,1
BRDA:357,23,1,1
BRDA:363,24,0,8
BRDA:363,24,1,0
BRF:50
BRH:36
end_of_record
TN:
SF:src/screens/auth/OnboardingScreen/index.js
FNF:0
FNH:0
DA:1,0
LF:1
LH:0
BRF:0
BRH:0
end_of_record
TN:
SF:src/screens/auth/OnboardingScreen/useOnboardingScreen.js
FN:31,(anonymous_0)
FN:47,(anonymous_1)
FN:57,(anonymous_2)
FN:61,(anonymous_3)
FN:64,(anonymous_4)
FN:80,(anonymous_5)
FN:86,(anonymous_6)
FN:89,(anonymous_7)
FN:102,(anonymous_8)
FN:106,(anonymous_9)
FN:110,(anonymous_10)
FN:130,(anonymous_11)
FN:137,(anonymous_12)
FN:148,(anonymous_13)
FN:149,(anonymous_14)
FN:163,(anonymous_15)
FN:166,(anonymous_16)
FN:170,(anonymous_17)
FN:175,(anonymous_18)
FN:178,(anonymous_19)
FN:185,(anonymous_20)
FN:195,(anonymous_21)
FN:208,(anonymous_22)
FN:218,(anonymous_23)
FN:233,(anonymous_24)
FN:236,(anonymous_25)
FN:239,(anonymous_26)
FN:244,(anonymous_27)
FNF:28
FNH:0
FNDA:0,(anonymous_0)
FNDA:0,(anonymous_1)
FNDA:0,(anonymous_2)
FNDA:0,(anonymous_3)
FNDA:0,(anonymous_4)
FNDA:0,(anonymous_5)
FNDA:0,(anonymous_6)
FNDA:0,(anonymous_7)
FNDA:0,(anonymous_8)
FNDA:0,(anonymous_9)
FNDA:0,(anonymous_10)
FNDA:0,(anonymous_11)
FNDA:0,(anonymous_12)
FNDA:0,(anonymous_13)
FNDA:0,(anonymous_14)
FNDA:0,(anonymous_15)
FNDA:0,(anonymous_16)
FNDA:0,(anonymous_17)
FNDA:0,(anonymous_18)
FNDA:0,(anonymous_19)
FNDA:0,(anonymous_20)
FNDA:0,(anonymous_21)
FNDA:0,(anonymous_22)
FNDA:0,(anonymous_23)
FNDA:0,(anonymous_24)
FNDA:0,(anonymous_25)
FNDA:0,(anonymous_26)
FNDA:0,(anonymous_27)
DA:5,0
DA:6,0
DA:7,0
DA:8,0
DA:9,0
DA:10,0
DA:11,0
DA:12,0
DA:14,0
DA:16,0
DA:31,0
DA:32,0
DA:33,0
DA:35,0
DA:36,0
DA:39,0
DA:40,0
DA:41,0
DA:42,0
DA:43,0
DA:47,0
DA:48,0
DA:49,0
DA:50,0
DA:51,0
DA:52,0
DA:55,0
DA:56,0
DA:58,0
DA:59,0
DA:62,0
DA:65,0
DA:67,0
DA:69,0
DA:71,0
DA:72,0
DA:73,0
DA:74,0
DA:79,0
DA:81,0
DA:82,0
DA:84,0
DA:87,0
DA:90,0
DA:92,0
DA:94,0
DA:95,0
DA:97,0
DA:99,0
DA:100,0
DA:101,0
DA:103,0
DA:104,0
DA:108,0
DA:111,0
DA:113,0
DA:115,0
DA:116,0
DA:118,0
DA:120,0
DA:121,0
DA:123,0
DA:125,0
DA:126,0
DA:130,0
DA:131,0
DA:132,0
DA:133,0
DA:137,0
DA:138,0
DA:139,0
DA:140,0
DA:142,0
DA:148,0
DA:149,0
DA:150,0
DA:151,0
DA:152,0
DA:153,0
DA:154,0
DA:156,0
DA:157,0
DA:163,0
DA:164,0
DA:165,0
DA:167,0
DA:168,0
DA:170,0
DA:171,0
DA:176,0
DA:179,0
DA:185,0
DA:186,0
DA:187,0
DA:188,0
DA:196,0
DA:197,0
DA:198,0
DA:199,0
DA:204,0
DA:208,0
DA:209,0
DA:210,0
DA:211,0
DA:219,0
DA:220,0
DA:221,0
DA:222,0
DA:227,0
DA:233,0
DA:234,0
DA:235,0
DA:237,0
DA:240,0
DA:242,0
DA:245,0
DA:249,0
DA:273,0
LF:118
LH:0
BRDA:37,0,0,0
BRDA:37,0,1,0
BRDA:37,0,2,0
BRDA:37,0,3,0
BRDA:37,0,4,0
BRDA:49,1,0,0
BRDA:49,1,1,0
BRDA:50,2,0,0
BRDA:50,2,1,0
BRDA:62,3,0,0
BRDA:62,3,1,0
BRDA:62,3,2,0
BRDA:69,4,0,0
BRDA:69,4,1,0
BRDA:71,5,0,0
BRDA:71,5,1,0
BRDA:81,6,0,0
BRDA:81,6,1,0
BRDA:81,7,0,0
BRDA:81,7,1,0
BRDA:87,8,0,0
BRDA:87,8,1,0
BRDA:87,8,2,0
BRDA:97,9,0,0
BRDA:97,9,1,0
BRDA:99,10,0,0
BRDA:99,10,1,0
BRDA:118,11,0,0
BRDA:118,11,1,0
BRDA:123,12,0,0
BRDA:123,12,1,0
BRDA:132,13,0,0
BRDA:132,13,1,0
BRDA:139,14,0,0
BRDA:139,14,1,0
BRDA:151,15,0,0
BRDA:151,15,1,0
BRDA:156,16,0,0
BRDA:156,16,1,0
BRDA:168,17,0,0
BRDA:168,17,1,0
BRDA:196,18,0,0
BRDA:196,18,1,0
BRDA:196,19,0,0
BRDA:196,19,1,0
BRDA:197,20,0,0
BRDA:197,20,1,0
BRDA:198,21,0,0
BRDA:198,21,1,0
BRDA:198,22,0,0
BRDA:198,22,1,0
BRDA:219,23,0,0
BRDA:219,23,1,0
BRDA:219,24,0,0
BRDA:219,24,1,0
BRDA:220,25,0,0
BRDA:220,25,1,0
BRDA:221,26,0,0
BRDA:221,26,1,0
BRDA:221,27,0,0
BRDA:221,27,1,0
BRF:61
BRH:0
end_of_record
TN:
SF:src/screens/auth/PersonalityQuizScreen/PersonalityQuizScreen.js
FN:24,(anonymous_0)
FN:28,(anonymous_1)
FN:97,(anonymous_2)
FN:164,(anonymous_3)
FN:172,(anonymous_4)
FNF:5
FNH:4
FNDA:6,(anonymous_0)
FNDA:6,(anonymous_1)
FNDA:2,(anonymous_2)
FNDA:12,(anonymous_3)
FNDA:0,(anonymous_4)
DA:6,1
DA:15,1
DA:16,1
DA:17,1
DA:18,1
DA:19,1
DA:20,1
DA:22,1
DA:24,1
DA:25,6
DA:28,6
DA:29,6
DA:61,6
DA:62,1
DA:76,5
DA:77,1
DA:78,1
DA:98,2
DA:145,4
DA:146,4
DA:148,4
DA:165,12
DA:166,12
DA:172,0
DA:216,1
DA:491,1
LF:26
LH:25
BRDA:31,0,0,0
BRDA:31,0,1,6
BRDA:31,1,0,6
BRDA:31,1,1,0
BRDA:45,2,0,1
BRDA:45,2,1,5
BRDA:49,3,0,1
BRDA:49,3,1,5
BRDA:49,4,0,1
BRDA:49,4,1,5
BRDA:53,5,0,1
BRDA:53,5,1,5
BRDA:61,6,0,1
BRDA:61,6,1,5
BRDA:61,7,0,6
BRDA:61,7,1,1
BRDA:76,8,0,1
BRDA:76,8,1,4
BRDA:110,9,0,0
BRDA:110,9,1,1
BRDA:110,10,0,1
BRDA:110,10,1,0
BRDA:119,11,0,0
BRDA:119,11,1,1
BRDA:146,12,0,0
BRDA:146,12,1,4
BRDA:170,13,0,12
BRDA:170,13,1,0
BRDA:177,14,0,0
BRDA:177,14,1,12
BRDA:183,15,0,12
BRDA:183,15,1,0
BRDA:189,16,0,0
BRDA:189,16,1,12
BRDA:195,17,0,12
BRDA:195,17,1,0
BRDA:198,18,0,0
BRDA:198,18,1,12
BRDA:205,19,0,1
BRDA:205,19,1,3
BRF:40
BRH:28
end_of_record
TN:
SF:src/screens/auth/PersonalityQuizScreen/index.js
FNF:0
FNH:0
DA:1,0
LF:1
LH:0
BRF:0
BRH:0
end_of_record
TN:
SF:src/screens/auth/PersonalityQuizScreen/usePersonalityQuizScreen.js
FN:160,usePersonalityQuizScreen
FN:164,(anonymous_1)
FN:167,(anonymous_2)
FN:168,(anonymous_3)
FN:171,(anonymous_4)
FN:179,(anonymous_5)
FN:181,(anonymous_6)
FN:186,(anonymous_7)
FN:207,(anonymous_8)
FN:217,(anonymous_9)
FN:224,(anonymous_10)
FN:232,(anonymous_11)
FN:244,(anonymous_12)
FN:251,(anonymous_13)
FN:252,(anonymous_14)
FN:254,(anonymous_15)
FN:257,(anonymous_16)
FN:267,(anonymous_17)
FN:273,(anonymous_18)
FNF:19
FNH:0
FNDA:0,usePersonalityQuizScreen
FNDA:0,(anonymous_1)
FNDA:0,(anonymous_2)
FNDA:0,(anonymous_3)
FNDA:0,(anonymous_4)
FNDA:0,(anonymous_5)
FNDA:0,(anonymous_6)
FNDA:0,(anonymous_7)
FNDA:0,(anonymous_8)
FNDA:0,(anonymous_9)
FNDA:0,(anonymous_10)
FNDA:0,(anonymous_11)
FNDA:0,(anonymous_12)
FNDA:0,(anonymous_13)
FNDA:0,(anonymous_14)
FNDA:0,(anonymous_15)
FNDA:0,(anonymous_16)
FNDA:0,(anonymous_17)
FNDA:0,(anonymous_18)
DA:8,0
DA:9,0
DA:10,0
DA:11,0
DA:12,0
DA:13,0
DA:16,0
DA:92,0
DA:161,0
DA:162,0
DA:164,0
DA:167,0
DA:168,0
DA:169,0
DA:172,0
DA:179,0
DA:180,0
DA:181,0
DA:182,0
DA:183,0
DA:186,0
DA:192,0
DA:195,0
DA:196,0
DA:197,0
DA:198,0
DA:199,0
DA:200,0
DA:202,0
DA:203,0
DA:204,0
DA:207,0
DA:208,0
DA:210,0
DA:211,0
DA:212,0
DA:213,0
DA:215,0
DA:217,0
DA:218,0
DA:222,0
DA:223,0
DA:225,0
DA:226,0
DA:228,0
DA:229,0
DA:234,0
DA:238,0
DA:244,0
DA:245,0
DA:246,0
DA:251,0
DA:252,0
DA:253,0
DA:255,0
DA:259,0
DA:267,0
DA:268,0
DA:269,0
DA:273,0
DA:274,0
DA:275,0
DA:279,0
DA:280,0
DA:282,0
DA:305,0
LF:66
LH:0
BRDA:203,0,0,0
BRDA:203,0,1,0
BRDA:208,1,0,0
BRDA:208,1,1,0
BRDA:215,2,0,0
BRDA:215,2,1,0
BRDA:228,3,0,0
BRDA:228,3,1,0
BRDA:228,4,0,0
BRDA:228,4,1,0
BRDA:235,5,0,0
BRDA:235,5,1,0
BRDA:235,5,2,0
BRDA:235,5,3,0
BRDA:245,6,0,0
BRDA:245,6,1,0
BRDA:245,7,0,0
BRDA:245,7,1,0
BRDA:255,8,0,0
BRDA:255,8,1,0
BRDA:260,9,0,0
BRDA:260,9,1,0
BRDA:260,9,2,0
BRDA:260,9,3,0
BRDA:279,10,0,0
BRDA:279,10,1,0
BRDA:280,11,0,0
BRDA:280,11,1,0
BRF:28
BRH:0
end_of_record
TN:
SF:src/screens/auth/RegisterScreen/RegisterScreen.js
FN:14,RegisterScreen
FN:96,(anonymous_1)
FN:134,(anonymous_2)
FN:192,(anonymous_3)
FNF:4
FNH:2
FNDA:7,RegisterScreen
FNDA:3,(anonymous_1)
FNDA:0,(anonymous_2)
FNDA:0,(anonymous_3)
DA:5,1
DA:9,1
DA:10,1
DA:11,1
DA:12,1
DA:15,7
DA:17,7
DA:97,3
DA:134,0
DA:192,0
DA:201,1
DA:240,1
LF:12
LH:10
BRDA:20,0,0,7
BRDA:20,0,1,0
BRDA:36,1,0,1
BRDA:36,1,1,6
BRDA:56,2,0,0
BRDA:56,2,1,7
BRDA:74,3,0,1
BRDA:74,3,1,6
BRDA:93,4,0,1
BRDA:93,4,1,6
BRDA:102,5,0,1
BRDA:102,5,1,2
BRDA:113,6,0,0
BRDA:113,6,1,7
BRDA:129,7,0,0
BRDA:129,7,1,7
BRDA:141,8,0,7
BRDA:141,8,1,0
BRDA:142,9,0,0
BRDA:142,9,1,7
BRDA:151,10,0,0
BRDA:151,10,1,7
BRDA:155,11,0,7
BRDA:155,11,1,7
BRDA:155,11,2,7
BRDA:157,12,0,7
BRDA:157,12,1,7
BRDA:162,13,0,7
BRDA:162,13,1,7
BRDA:164,14,0,0
BRDA:164,14,1,7
BRF:31
BRH:23
end_of_record
TN:
SF:src/screens/auth/RegisterScreen/index.js
FNF:0
FNH:0
DA:1,0
LF:1
LH:0
BRF:0
BRH:0
end_of_record
TN:
SF:src/screens/auth/RegisterScreen/useRegisterScreen.js
FN:12,getPasswordStrength
FN:25,useRegisterScreen
FN:28,(anonymous_2)
FN:42,(anonymous_3)
FN:55,(anonymous_4)
FN:64,(anonymous_5)
FN:76,(anonymous_6)
FN:81,(anonymous_7)
FN:86,(anonymous_8)
FNF:9
FNH:0
FNDA:0,getPasswordStrength
FNDA:0,useRegisterScreen
FNDA:0,(anonymous_2)
FNDA:0,(anonymous_3)
FNDA:0,(anonymous_4)
FNDA:0,(anonymous_5)
FNDA:0,(anonymous_6)
FNDA:0,(anonymous_7)
FNDA:0,(anonymous_8)
DA:6,0
DA:7,0
DA:8,0
DA:9,0
DA:10,0
DA:13,0
DA:14,0
DA:15,0
DA:16,0
DA:17,0
DA:18,0
DA:19,0
DA:20,0
DA:21,0
DA:22,0
DA:26,0
DA:27,0
DA:28,0
DA:29,0
DA:30,0
DA:31,0
DA:32,0
DA:33,0
DA:34,0
DA:35,0
DA:36,0
DA:37,0
DA:38,0
DA:40,0
DA:42,0
DA:43,0
DA:44,0
DA:45,0
DA:46,0
DA:47,0
DA:48,0
DA:49,0
DA:50,0
DA:51,0
DA:53,0
DA:54,0
DA:57,0
DA:58,0
DA:61,0
DA:65,0
DA:66,0
DA:67,0
DA:68,0
DA:72,0
DA:73,0
DA:74,0
DA:77,0
DA:81,0
DA:83,0
DA:86,0
DA:88,0
DA:92,0
DA:93,0
DA:95,0
DA:124,0
LF:60
LH:0
BRDA:10,0,0,0
BRDA:10,0,1,0
BRDA:13,1,0,0
BRDA:13,1,1,0
BRDA:15,2,0,0
BRDA:15,2,1,0
BRDA:16,3,0,0
BRDA:16,3,1,0
BRDA:17,4,0,0
BRDA:17,4,1,0
BRDA:18,5,0,0
BRDA:18,5,1,0
BRDA:19,6,0,0
BRDA:19,6,1,0
BRDA:20,7,0,0
BRDA:20,7,1,0
BRDA:21,8,0,0
BRDA:21,8,1,0
BRDA:44,9,0,0
BRDA:44,9,1,0
BRDA:45,10,0,0
BRDA:45,10,1,0
BRDA:46,11,0,0
BRDA:46,11,1,0
BRDA:47,12,0,0
BRDA:47,12,1,0
BRDA:48,13,0,0
BRDA:48,13,1,0
BRDA:51,14,0,0
BRDA:51,14,1,0
BRDA:57,15,0,0
BRDA:57,15,1,0
BRDA:57,16,0,0
BRDA:57,16,1,0
BRDA:65,17,0,0
BRDA:65,17,1,0
BRDA:66,18,0,0
BRDA:66,18,1,0
BRDA:66,18,2,0
BRDA:67,19,0,0
BRDA:67,19,1,0
BRDA:68,20,0,0
BRDA:68,20,1,0
BRDA:69,21,0,0
BRDA:69,21,1,0
BRDA:73,22,0,0
BRDA:73,22,1,0
BRDA:92,23,0,0
BRDA:92,23,1,0
BRF:49
BRH:0
end_of_record
TN:
SF:src/screens/auth/ResetPasswordScreen/ResetPasswordScreen.js
FN:14,ResetPasswordScreen
FN:35,(anonymous_1)
FN:44,(anonymous_2)
FN:63,(anonymous_3)
FN:104,(anonymous_4)
FNF:5
FNH:1
FNDA:6,ResetPasswordScreen
FNDA:0,(anonymous_1)
FNDA:0,(anonymous_2)
FNDA:0,(anonymous_3)
FNDA:0,(anonymous_4)
DA:5,1
DA:9,1
DA:10,1
DA:11,1
DA:12,1
DA:15,6
DA:19,6
DA:20,1
DA:25,5
DA:26,1
DA:35,0
DA:44,0
DA:53,4
DA:54,1
DA:63,0
DA:73,3
DA:105,0
DA:150,6
DA:159,1
DA:185,1
LF:20
LH:16
BRDA:19,0,0,1
BRDA:19,0,1,5
BRDA:25,1,0,1
BRDA:25,1,1,4
BRDA:53,2,0,1
BRDA:53,2,1,3
BRDA:81,3,0,1
BRDA:81,3,1,2
BRDA:101,4,0,0
BRDA:101,4,1,3
BRDA:108,5,0,0
BRDA:108,5,1,0
BRDA:132,6,0,3
BRDA:132,6,1,0
BRDA:140,7,0,0
BRDA:140,7,1,3
BRDA:151,8,0,6
BRDA:151,8,1,0
BRF:18
BRH:12
end_of_record
TN:
SF:src/screens/auth/ResetPasswordScreen/index.js
FNF:0
FNH:0
DA:1,0
LF:1
LH:0
BRF:0
BRH:0
end_of_record
TN:
SF:src/screens/auth/ResetPasswordScreen/useResetPasswordScreen.js
FN:10,getPasswordStrength
FN:23,useResetPasswordScreen
FN:26,(anonymous_2)
FN:42,(anonymous_3)
FN:49,(anonymous_4)
FN:52,(anonymous_5)
FN:58,(anonymous_6)
FN:75,(anonymous_7)
FN:78,(anonymous_8)
FN:84,(anonymous_9)
FNF:10
FNH:0
FNDA:0,getPasswordStrength
FNDA:0,useResetPasswordScreen
FNDA:0,(anonymous_2)
FNDA:0,(anonymous_3)
FNDA:0,(anonymous_4)
FNDA:0,(anonymous_5)
FNDA:0,(anonymous_6)
FNDA:0,(anonymous_7)
FNDA:0,(anonymous_8)
FNDA:0,(anonymous_9)
DA:5,0
DA:6,0
DA:7,0
DA:8,0
DA:11,0
DA:12,0
DA:13,0
DA:14,0
DA:15,0
DA:16,0
DA:17,0
DA:18,0
DA:19,0
DA:20,0
DA:24,0
DA:25,0
DA:26,0
DA:27,0
DA:28,0
DA:29,0
DA:30,0
DA:32,0
DA:33,0
DA:34,0
DA:35,0
DA:36,0
DA:37,0
DA:38,0
DA:40,0
DA:42,0
DA:43,0
DA:44,0
DA:45,0
DA:46,0
DA:48,0
DA:50,0
DA:53,0
DA:54,0
DA:58,0
DA:59,0
DA:60,0
DA:61,0
DA:62,0
DA:64,0
DA:65,0
DA:66,0
DA:68,0
DA:69,0
DA:76,0
DA:79,0
DA:80,0
DA:81,0
DA:82,0
DA:85,0
DA:89,0
DA:106,0
LF:56
LH:0
BRDA:11,0,0,0
BRDA:11,0,1,0
BRDA:13,1,0,0
BRDA:13,1,1,0
BRDA:14,2,0,0
BRDA:14,2,1,0
BRDA:15,3,0,0
BRDA:15,3,1,0
BRDA:16,4,0,0
BRDA:16,4,1,0
BRDA:17,5,0,0
BRDA:17,5,1,0
BRDA:18,6,0,0
BRDA:18,6,1,0
BRDA:19,7,0,0
BRDA:19,7,1,0
BRDA:27,8,0,0
BRDA:27,8,1,0
BRDA:27,8,2,0
BRDA:29,9,0,0
BRDA:29,9,1,0
BRDA:30,10,0,0
BRDA:30,10,1,0
BRDA:43,11,0,0
BRDA:43,11,1,0
BRDA:43,12,0,0
BRDA:43,12,1,0
BRDA:60,13,0,0
BRDA:60,13,1,0
BRDA:64,14,0,0
BRDA:64,14,1,0
BRDA:79,15,0,0
BRDA:79,15,1,0
BRDA:79,15,2,0
BRDA:80,16,0,0
BRDA:80,16,1,0
BRDA:80,17,0,0
BRDA:80,17,1,0
BRDA:82,18,0,0
BRDA:82,18,1,0
BRF:40
BRH:0
end_of_record
TN:
SF:src/screens/auth/VerifyEmailScreen/VerifyEmailScreen.js
FN:10,VerifyEmailScreen
FN:45,(anonymous_1)
FNF:2
FNH:1
FNDA:3,VerifyEmailScreen
FNDA:0,(anonymous_1)
DA:4,1
DA:5,1
DA:6,1
DA:7,1
DA:8,1
DA:11,3
DA:13,3
DA:45,0
DA:59,1
DA:74,1
LF:10
LH:9
BRDA:16,0,0,1
BRDA:16,0,1,2
BRDA:23,1,0,1
BRDA:23,1,1,2
BRDA:36,2,0,1
BRDA:36,2,1,2
BRF:6
BRH:6
end_of_record
TN:
SF:src/screens/auth/VerifyEmailScreen/index.js
FNF:0
FNH:0
DA:1,0
LF:1
LH:0
BRF:0
BRH:0
end_of_record
TN:
SF:src/screens/auth/VerifyEmailScreen/useVerifyEmailScreen.js
FN:12,useVerifyEmailScreen
FN:16,(anonymous_1)
FN:21,(anonymous_2)
FN:28,(anonymous_3)
FN:34,(anonymous_4)
FN:42,(anonymous_5)
FNF:6
FNH:0
FNDA:0,useVerifyEmailScreen
FNDA:0,(anonymous_1)
FNDA:0,(anonymous_2)
FNDA:0,(anonymous_3)
FNDA:0,(anonymous_4)
FNDA:0,(anonymous_5)
DA:6,0
DA:7,0
DA:8,0
DA:9,0
DA:10,0
DA:13,0
DA:14,0
DA:15,0
DA:16,0
DA:17,0
DA:18,0
DA:19,0
DA:21,0
DA:22,0
DA:23,0
DA:24,0
DA:25,0
DA:27,0
DA:29,0
DA:32,0
DA:35,0
DA:36,0
DA:42,0
DA:43,0
DA:44,0
DA:46,0
DA:50,0
DA:60,0
LF:28
LH:0
BRDA:17,0,0,0
BRDA:17,0,1,0
BRDA:17,0,2,0
BRDA:22,1,0,0
BRDA:22,1,1,0
BRDA:32,2,0,0
BRDA:32,2,1,0
BRDA:32,3,0,0
BRDA:32,3,1,0
BRDA:37,4,0,0
BRDA:37,4,1,0
BRDA:37,4,2,0
BRDA:37,4,3,0
BRDA:37,4,4,0
BRDA:43,5,0,0
BRDA:43,5,1,0
BRF:16
BRH:0
end_of_record
TN:
SF:src/screens/calendar/CalendarScreen.js
FN:19,(anonymous_0)
FN:29,(anonymous_1)
FN:59,(anonymous_2)
FN:70,(anonymous_3)
FN:75,(anonymous_4)
FN:79,(anonymous_5)
FN:97,(anonymous_6)
FN:109,(anonymous_7)
FN:114,(anonymous_8)
FN:125,(anonymous_9)
FN:137,(anonymous_10)
FN:149,(anonymous_11)
FN:153,(anonymous_12)
FN:161,(anonymous_13)
FN:165,(anonymous_14)
FN:175,(anonymous_15)
FN:190,(anonymous_16)
FN:201,(anonymous_17)
FN:213,(anonymous_18)
FN:224,(anonymous_19)
FN:237,(anonymous_20)
FN:248,(anonymous_21)
FN:257,(anonymous_22)
FN:264,(anonymous_23)
FN:267,(anonymous_24)
FN:281,(anonymous_25)
FN:290,(anonymous_26)
FN:304,(anonymous_27)
FN:307,(anonymous_28)
FN:343,(anonymous_29)
FN:376,(anonymous_30)
FNF:31
FNH:14
FNDA:0,(anonymous_0)
FNDA:0,(anonymous_1)
FNDA:0,(anonymous_2)
FNDA:17,(anonymous_3)
FNDA:17,(anonymous_4)
FNDA:1,(anonymous_5)
FNDA:0,(anonymous_6)
FNDA:15,(anonymous_7)
FNDA:1,(anonymous_8)
FNDA:0,(anonymous_9)
FNDA:15,(anonymous_10)
FNDA:15,(anonymous_11)
FNDA:105,(anonymous_12)
FNDA:510,(anonymous_13)
FNDA:0,(anonymous_14)
FNDA:0,(anonymous_15)
FNDA:0,(anonymous_16)
FNDA:15,(anonymous_17)
FNDA:30,(anonymous_18)
FNDA:0,(anonymous_19)
FNDA:0,(anonymous_20)
FNDA:0,(anonymous_21)
FNDA:0,(anonymous_22)
FNDA:15,(anonymous_23)
FNDA:0,(anonymous_24)
FNDA:0,(anonymous_25)
FNDA:0,(anonymous_26)
FNDA:15,(anonymous_27)
FNDA:0,(anonymous_28)
FNDA:0,(anonymous_29)
FNDA:1,(anonymous_30)
DA:4,1
DA:8,1
DA:9,1
DA:10,1
DA:11,1
DA:12,1
DA:13,1
DA:14,1
DA:15,1
DA:16,1
DA:17,1
DA:19,1
DA:20,0
DA:21,0
DA:22,0
DA:23,0
DA:24,0
DA:29,0
DA:59,0
DA:70,1
DA:71,17
DA:72,17
DA:73,17
DA:75,17
DA:76,17
DA:79,1
DA:97,0
DA:109,17
DA:110,15
DA:114,1
DA:125,0
DA:137,17
DA:138,15
DA:149,17
DA:150,15
DA:154,105
DA:162,510
DA:163,465
DA:164,465
DA:165,465
DA:166,465
DA:167,465
DA:168,465
DA:175,0
DA:191,0
DA:201,17
DA:202,15
DA:203,0
DA:208,15
DA:210,15
DA:214,30
DA:225,0
DA:232,0
DA:237,0
DA:248,0
DA:258,0
DA:264,17
DA:265,15
DA:267,0
DA:281,0
DA:290,0
DA:304,17
DA:305,15
DA:307,0
DA:343,0
DA:367,17
DA:368,17
DA:369,17
DA:370,2
DA:376,1
DA:387,15
DA:413,1
DA:482,1
LF:73
LH:51
BRDA:23,0,0,0
BRDA:23,0,1,0
BRDA:23,1,0,0
BRDA:23,1,1,0
BRDA:23,2,0,0
BRDA:23,2,1,0
BRDA:23,3,0,0
BRDA:23,3,1,0
BRDA:26,4,0,0
BRDA:26,4,1,0
BRDA:28,5,0,0
BRDA:28,5,1,0
BRDA:33,6,0,0
BRDA:33,6,1,0
BRDA:35,7,0,0
BRDA:35,7,1,0
BRDA:42,8,0,0
BRDA:42,8,1,0
BRDA:47,9,0,0
BRDA:47,9,1,0
BRDA:52,10,0,0
BRDA:52,10,1,0
BRDA:162,11,0,45
BRDA:162,11,1,465
BRDA:164,12,0,465
BRDA:164,12,1,0
BRDA:165,13,0,465
BRDA:165,13,1,465
BRDA:166,14,0,465
BRDA:166,14,1,465
BRDA:167,15,0,15
BRDA:167,15,1,450
BRDA:167,16,0,0
BRDA:167,16,1,465
BRDA:167,17,0,0
BRDA:167,17,1,465
BRDA:167,18,0,0
BRDA:167,18,1,0
BRDA:172,19,0,465
BRDA:172,19,1,0
BRDA:173,20,0,465
BRDA:173,20,1,15
BRDA:173,20,2,15
BRDA:184,21,0,465
BRDA:184,21,1,0
BRDA:185,22,0,465
BRDA:185,22,1,15
BRDA:185,22,2,15
BRDA:188,23,0,0
BRDA:188,23,1,465
BRDA:202,24,0,0
BRDA:202,24,1,15
BRDA:208,25,0,15
BRDA:208,25,1,0
BRDA:216,26,0,15
BRDA:216,26,1,15
BRDA:220,27,0,30
BRDA:220,27,1,0
BRDA:235,28,0,0
BRDA:235,28,1,0
BRDA:242,29,0,0
BRDA:242,29,1,0
BRDA:276,30,0,0
BRDA:276,30,1,15
BRDA:290,31,0,0
BRDA:290,31,1,0
BRDA:327,32,0,15
BRDA:327,32,1,15
BRDA:351,33,0,15
BRDA:351,33,1,15
BRDA:367,34,0,17
BRDA:367,34,1,2
BRDA:368,35,0,17
BRDA:368,35,1,2
BRDA:369,36,0,2
BRDA:369,36,1,15
BRDA:369,37,0,17
BRDA:369,37,1,2
BRDA:393,38,0,0
BRDA:393,38,1,15
BRDA:402,39,0,0
BRDA:402,39,1,15
BRF:82
BRH:40
end_of_record
TN:
SF:src/screens/calendar/GoogleCalendarConnectScreen.js
FN:16,(anonymous_0)
FN:22,(anonymous_1)
FN:53,(anonymous_2)
FN:111,(anonymous_3)
FN:122,(anonymous_4)
FNF:5
FNH:2
FNDA:2,(anonymous_0)
FNDA:0,(anonymous_1)
FNDA:6,(anonymous_2)
FNDA:0,(anonymous_3)
FNDA:0,(anonymous_4)
DA:5,1
DA:9,1
DA:10,1
DA:11,1
DA:12,1
DA:13,1
DA:14,1
DA:16,1
DA:17,2
DA:19,2
DA:22,0
DA:34,2
DA:49,2
DA:54,6
DA:55,6
DA:87,2
DA:112,0
DA:122,0
DA:169,2
DA:181,1
DA:266,1
LF:21
LH:18
BRDA:28,0,0,0
BRDA:28,0,1,2
BRDA:39,1,0,0
BRDA:39,1,1,2
BRDA:42,2,0,0
BRDA:42,2,1,2
BRDA:57,3,0,6
BRDA:57,3,1,4
BRDA:71,4,0,2
BRDA:71,4,1,0
BRDA:77,5,0,0
BRDA:77,5,1,2
BRDA:92,6,0,2
BRDA:92,6,1,0
BRDA:92,6,2,2
BRDA:97,7,0,2
BRDA:97,7,1,0
BRDA:97,7,2,2
BRDA:106,8,0,0
BRDA:106,8,1,2
BRDA:114,9,0,0
BRDA:114,9,1,0
BRDA:123,10,0,0
BRDA:123,10,1,0
BRDA:133,11,0,2
BRDA:133,11,1,0
BRDA:137,12,0,0
BRDA:137,12,1,2
BRDA:142,13,0,0
BRDA:142,13,1,2
BRDA:147,14,0,0
BRDA:147,14,1,2
BRDA:154,15,0,2
BRDA:154,15,1,0
BRDA:158,16,0,0
BRDA:158,16,1,2
BRDA:163,17,0,0
BRDA:163,17,1,2
BRDA:176,18,0,0
BRDA:176,18,1,2
BRF:40
BRH:20
end_of_record
TN:
SF:src/screens/calendar/GoogleSyncSettingsScreen.js
FN:28,(anonymous_0)
FN:34,(anonymous_1)
FN:81,(anonymous_2)
FN:112,(anonymous_3)
FN:124,(anonymous_4)
FN:129,(anonymous_5)
FN:193,(anonymous_6)
FN:208,(anonymous_7)
FNF:8
FNH:2
FNDA:2,(anonymous_0)
FNDA:0,(anonymous_1)
FNDA:0,(anonymous_2)
FNDA:0,(anonymous_3)
FNDA:6,(anonymous_4)
FNDA:0,(anonymous_5)
FNDA:0,(anonymous_6)
FNDA:0,(anonymous_7)
DA:5,1
DA:9,1
DA:10,1
DA:11,1
DA:12,1
DA:13,1
DA:14,1
DA:16,1
DA:22,1
DA:28,1
DA:29,2
DA:31,2
DA:34,0
DA:44,2
DA:58,2
DA:59,0
DA:68,2
DA:69,0
DA:81,0
DA:94,2
DA:112,0
DA:125,6
DA:126,6
DA:129,0
DA:194,0
DA:195,0
DA:208,0
DA:268,1
DA:364,1
LF:29
LH:20
BRDA:49,0,0,2
BRDA:49,0,1,0
BRDA:52,1,0,2
BRDA:52,1,1,0
BRDA:58,2,0,0
BRDA:58,2,1,2
BRDA:68,3,0,0
BRDA:68,3,1,2
BRDA:128,4,0,6
BRDA:128,4,1,2
BRDA:134,5,0,6
BRDA:134,5,1,2
BRDA:178,6,0,0
BRDA:178,6,1,2
BRDA:178,7,0,2
BRDA:178,7,1,2
BRDA:185,8,0,0
BRDA:185,8,1,0
BRDA:197,9,0,0
BRDA:197,9,1,0
BRDA:200,10,0,0
BRDA:200,10,1,0
BRDA:203,11,0,0
BRDA:203,11,1,0
BRDA:209,12,0,0
BRDA:209,12,1,0
BRDA:222,13,0,0
BRDA:222,13,1,2
BRDA:228,14,0,2
BRDA:228,14,1,0
BRDA:232,15,0,0
BRDA:232,15,1,2
BRDA:236,16,0,0
BRDA:236,16,1,2
BRDA:244,17,0,0
BRDA:244,17,1,2
BRDA:245,18,0,2
BRDA:245,18,1,2
BRDA:245,18,2,2
BRDA:248,19,0,2
BRDA:248,19,1,2
BRDA:250,20,0,0
BRDA:250,20,1,2
BRDA:250,21,0,2
BRDA:250,21,1,2
BRDA:252,22,0,0
BRDA:252,22,1,2
BRDA:258,23,0,0
BRDA:258,23,1,2
BRDA:260,24,0,2
BRDA:260,24,1,2
BRDA:261,25,0,0
BRDA:261,25,1,2
BRF:53
BRH:29
end_of_record
TN:
SF:src/screens/calendar/SharedCalendarViewScreen.js
FN:47,(anonymous_0)
FN:55,(anonymous_1)
FN:59,(anonymous_2)
FN:69,(anonymous_3)
FN:79,(anonymous_4)
FN:86,(anonymous_5)
FN:107,(anonymous_6)
FN:120,(anonymous_7)
FN:139,(anonymous_8)
FN:158,(anonymous_9)
FN:168,(anonymous_10)
FN:172,(anonymous_11)
FN:187,(anonymous_12)
FN:197,(anonymous_13)
FN:207,(anonymous_14)
FN:215,(anonymous_15)
FN:218,(anonymous_16)
FN:228,(anonymous_17)
FN:236,(anonymous_18)
FN:247,(anonymous_19)
FN:253,(anonymous_20)
FN:262,(anonymous_21)
FN:271,(anonymous_22)
FN:314,(anonymous_23)
FN:322,(anonymous_24)
FN:351,(anonymous_25)
FN:367,(anonymous_26)
FN:390,(anonymous_27)
FN:398,(anonymous_28)
FN:410,(anonymous_29)
FN:416,(anonymous_30)
FN:429,(anonymous_31)
FN:449,(anonymous_32)
FN:464,(anonymous_33)
FN:499,(anonymous_34)
FN:530,(anonymous_35)
FN:620,(anonymous_36)
FN:640,(anonymous_37)
FN:665,(anonymous_38)
FN:670,(anonymous_39)
FN:694,(anonymous_40)
FN:701,(anonymous_41)
FN:780,(anonymous_42)
FN:825,(anonymous_43)
FN:863,(anonymous_44)
FN:890,(anonymous_45)
FNF:46
FNH:17
FNDA:2,(anonymous_0)
FNDA:62,(anonymous_1)
FNDA:0,(anonymous_2)
FNDA:0,(anonymous_3)
FNDA:0,(anonymous_4)
FNDA:2,(anonymous_5)
FNDA:0,(anonymous_6)
FNDA:2,(anonymous_7)
FNDA:2,(anonymous_8)
FNDA:2,(anonymous_9)
FNDA:180,(anonymous_10)
FNDA:184,(anonymous_11)
FNDA:0,(anonymous_12)
FNDA:0,(anonymous_13)
FNDA:0,(anonymous_14)
FNDA:0,(anonymous_15)
FNDA:0,(anonymous_16)
FNDA:0,(anonymous_17)
FNDA:0,(anonymous_18)
FNDA:0,(anonymous_19)
FNDA:0,(anonymous_20)
FNDA:0,(anonymous_21)
FNDA:2,(anonymous_22)
FNDA:2,(anonymous_23)
FNDA:0,(anonymous_24)
FNDA:0,(anonymous_25)
FNDA:2,(anonymous_26)
FNDA:2,(anonymous_27)
FNDA:14,(anonymous_28)
FNDA:66,(anonymous_29)
FNDA:0,(anonymous_30)
FNDA:0,(anonymous_31)
FNDA:0,(anonymous_32)
FNDA:2,(anonymous_33)
FNDA:0,(anonymous_34)
FNDA:0,(anonymous_35)
FNDA:0,(anonymous_36)
FNDA:0,(anonymous_37)
FNDA:2,(anonymous_38)
FNDA:0,(anonymous_39)
FNDA:2,(anonymous_40)
FNDA:0,(anonymous_41)
FNDA:0,(anonymous_42)
FNDA:0,(anonymous_43)
FNDA:0,(anonymous_44)
FNDA:0,(anonymous_45)
DA:11,1
DA:12,1
DA:23,1
DA:24,1
DA:25,1
DA:26,1
DA:27,1
DA:28,1
DA:29,1
DA:30,1
DA:31,1
DA:35,1
DA:40,1
DA:42,1
DA:47,1
DA:48,2
DA:49,2
DA:50,10
DA:52,2
DA:55,1
DA:56,62
DA:59,1
DA:60,0
DA:61,0
DA:62,0
DA:63,0
DA:64,0
DA:65,0
DA:66,0
DA:69,1
DA:70,0
DA:71,0
DA:72,0
DA:79,1
DA:80,0
DA:81,0
DA:86,1
DA:87,2
DA:88,2
DA:89,2
DA:90,2
DA:91,2
DA:94,2
DA:95,2
DA:96,2
DA:97,2
DA:98,2
DA:99,2
DA:100,2
DA:101,2
DA:102,2
DA:105,2
DA:108,0
DA:109,0
DA:112,0
DA:120,2
DA:121,2
DA:122,2
DA:124,2
DA:125,2
DA:127,2
DA:128,2
DA:130,2
DA:139,2
DA:140,2
DA:141,2
DA:142,0
DA:143,0
DA:144,0
DA:145,0
DA:146,0
DA:147,0
DA:148,0
DA:154,2
DA:158,2
DA:159,2
DA:160,2
DA:161,2
DA:162,6
DA:163,60
DA:164,2
DA:168,2
DA:169,180
DA:172,2
DA:173,184
DA:177,2
DA:178,2
DA:181,2
DA:182,2
DA:184,2
DA:187,2
DA:188,0
DA:189,0
DA:190,0
DA:192,0
DA:194,0
DA:197,2
DA:198,0
DA:199,0
DA:200,0
DA:202,0
DA:204,0
DA:207,2
DA:208,0
DA:209,0
DA:210,0
DA:214,2
DA:216,0
DA:219,0
DA:220,0
DA:221,0
DA:222,0
DA:223,0
DA:224,0
DA:225,0
DA:226,0
DA:229,0
DA:236,2
DA:237,0
DA:238,0
DA:239,0
DA:241,0
DA:242,0
DA:243,0
DA:247,2
DA:249,0
DA:250,0
DA:252,0
DA:254,0
DA:255,0
DA:263,0
DA:271,2
DA:272,2
DA:273,2
DA:275,2
DA:277,2
DA:314,2
DA:315,2
DA:323,0
DA:352,0
DA:353,0
DA:354,0
DA:355,0
DA:356,0
DA:367,2
DA:368,2
DA:390,2
DA:391,2
DA:399,14
DA:411,66
DA:412,6
DA:414,60
DA:415,60
DA:416,60
DA:417,0
DA:420,60
DA:430,0
DA:450,0
DA:464,2
DA:465,2
DA:466,0
DA:473,2
DA:483,2
DA:500,0
DA:531,0
DA:532,0
DA:533,0
DA:534,0
DA:536,0
DA:621,0
DA:641,0
DA:665,2
DA:666,2
DA:671,0
DA:672,0
DA:673,0
DA:675,0
DA:676,0
DA:677,0
DA:678,0
DA:679,0
DA:694,2
DA:695,2
DA:702,0
DA:781,0
DA:814,2
DA:815,0
DA:826,0
DA:864,0
DA:879,2
DA:880,0
DA:891,0
DA:913,2
DA:935,1
DA:1375,1
LF:195
LH:105
BRDA:49,0,0,12
BRDA:49,0,1,0
BRDA:56,1,0,62
BRDA:56,1,1,0
BRDA:56,2,0,20
BRDA:56,2,1,42
BRDA:60,3,0,0
BRDA:60,3,1,0
BRDA:64,4,0,0
BRDA:64,4,1,0
BRDA:65,5,0,0
BRDA:65,5,1,0
BRDA:66,6,0,0
BRDA:66,6,1,0
BRDA:70,7,0,0
BRDA:70,7,1,0
BRDA:80,8,0,0
BRDA:80,8,1,0
BRDA:89,9,0,2
BRDA:89,9,1,2
BRDA:90,10,0,2
BRDA:90,10,1,2
BRDA:108,11,0,0
BRDA:108,11,1,0
BRDA:114,12,0,2
BRDA:114,12,1,2
BRDA:122,13,0,0
BRDA:122,13,1,2
BRDA:124,14,0,2
BRDA:124,14,1,0
BRDA:124,14,2,0
BRDA:125,15,0,0
BRDA:125,15,1,2
BRDA:127,16,0,2
BRDA:127,16,1,0
BRDA:127,16,2,0
BRDA:127,16,3,0
BRDA:128,17,0,2
BRDA:128,17,1,2
BRDA:134,18,0,2
BRDA:134,18,1,2
BRDA:134,18,2,2
BRDA:143,19,0,0
BRDA:143,19,1,0
BRDA:143,19,2,0
BRDA:143,19,3,0
BRDA:144,20,0,0
BRDA:144,20,1,0
BRDA:147,21,0,0
BRDA:147,21,1,0
BRDA:169,22,0,180
BRDA:169,22,1,6
BRDA:169,22,2,6
BRDA:177,23,0,0
BRDA:177,23,1,2
BRDA:178,24,0,0
BRDA:178,24,1,2
BRDA:178,25,0,0
BRDA:178,25,1,0
BRDA:182,26,0,2
BRDA:182,26,1,2
BRDA:184,27,0,0
BRDA:184,27,1,2
BRDA:188,28,0,0
BRDA:188,28,1,0
BRDA:198,29,0,0
BRDA:198,29,1,0
BRDA:231,30,0,0
BRDA:231,30,1,0
BRDA:231,30,2,0
BRDA:231,30,3,0
BRDA:231,30,4,0
BRDA:237,31,0,0
BRDA:237,31,1,0
BRDA:237,32,0,0
BRDA:237,32,1,0
BRDA:237,32,2,0
BRDA:250,33,0,0
BRDA:250,33,1,0
BRDA:256,34,0,0
BRDA:256,34,1,0
BRDA:257,35,0,0
BRDA:257,35,1,0
BRDA:265,36,0,0
BRDA:265,36,1,0
BRDA:265,36,2,0
BRDA:265,36,3,0
BRDA:265,36,4,0
BRDA:273,37,0,0
BRDA:273,37,1,2
BRDA:275,38,0,2
BRDA:275,38,1,0
BRDA:275,38,2,0
BRDA:275,38,3,0
BRDA:282,39,0,2
BRDA:282,39,1,2
BRDA:307,40,0,0
BRDA:307,40,1,2
BRDA:336,41,0,2
BRDA:336,41,1,0
BRDA:411,42,0,6
BRDA:411,42,1,60
BRDA:415,43,0,60
BRDA:415,43,1,0
BRDA:416,44,0,60
BRDA:416,44,1,60
BRDA:426,45,0,60
BRDA:426,45,1,0
BRDA:427,46,0,60
BRDA:427,46,1,2
BRDA:427,46,2,2
BRDA:432,47,0,0
BRDA:432,47,1,60
BRDA:432,48,0,2
BRDA:432,48,1,58
BRDA:439,49,0,60
BRDA:439,49,1,0
BRDA:440,50,0,60
BRDA:440,50,1,2
BRDA:440,50,2,2
BRDA:445,51,0,0
BRDA:445,51,1,60
BRDA:465,52,0,0
BRDA:465,52,1,2
BRDA:473,53,0,0
BRDA:473,53,1,2
BRDA:474,54,0,0
BRDA:474,54,1,0
BRDA:495,55,0,0
BRDA:495,55,1,2
BRDA:519,56,0,2
BRDA:519,56,1,0
BRDA:531,57,0,0
BRDA:531,57,1,0
BRDA:531,57,2,0
BRDA:532,58,0,0
BRDA:532,58,1,0
BRDA:538,59,0,0
BRDA:538,59,1,0
BRDA:550,60,0,0
BRDA:550,60,1,0
BRDA:562,61,0,0
BRDA:562,61,1,0
BRDA:562,61,2,0
BRDA:570,62,0,0
BRDA:570,62,1,0
BRDA:572,63,0,0
BRDA:572,63,1,0
BRDA:589,64,0,0
BRDA:589,64,1,0
BRDA:599,65,0,0
BRDA:599,65,1,0
BRDA:612,66,0,0
BRDA:612,66,1,0
BRDA:623,67,0,0
BRDA:623,67,1,0
BRDA:623,67,2,0
BRDA:643,68,0,0
BRDA:643,68,1,0
BRDA:643,68,2,0
BRDA:672,69,0,0
BRDA:672,69,1,0
BRDA:790,70,0,2
BRDA:790,70,1,0
BRDA:790,70,2,0
BRDA:790,70,3,2
BRDA:792,71,0,2
BRDA:792,71,1,0
BRDA:792,71,2,0
BRDA:792,71,3,0
BRDA:793,72,0,2
BRDA:793,72,1,0
BRDA:793,72,2,0
BRDA:814,73,0,0
BRDA:814,73,1,2
BRDA:879,74,0,0
BRDA:879,74,1,2
BRF:177
BRH:60
end_of_record
TN:
SF:src/screens/calendar/TimeBlockScreen.js
FN:16,(anonymous_0)
FN:22,(anonymous_1)
FN:45,(anonymous_2)
FN:64,(anonymous_3)
FN:80,(anonymous_4)
FN:138,(anonymous_5)
FN:145,(anonymous_6)
FN:159,(anonymous_7)
FN:166,(anonymous_8)
FN:211,(anonymous_9)
FN:216,(anonymous_10)
FN:228,(anonymous_11)
FN:234,(anonymous_12)
FN:275,(anonymous_13)
FN:282,(anonymous_14)
FN:287,(anonymous_15)
FN:306,(anonymous_16)
FN:315,(anonymous_17)
FNF:18
FNH:4
FNDA:2,(anonymous_0)
FNDA:0,(anonymous_1)
FNDA:0,(anonymous_2)
FNDA:0,(anonymous_3)
FNDA:0,(anonymous_4)
FNDA:0,(anonymous_5)
FNDA:0,(anonymous_6)
FNDA:0,(anonymous_7)
FNDA:0,(anonymous_8)
FNDA:10,(anonymous_9)
FNDA:0,(anonymous_10)
FNDA:14,(anonymous_11)
FNDA:0,(anonymous_12)
FNDA:0,(anonymous_13)
FNDA:0,(anonymous_14)
FNDA:0,(anonymous_15)
FNDA:4,(anonymous_16)
FNDA:0,(anonymous_17)
DA:5,1
DA:9,1
DA:10,1
DA:11,1
DA:12,1
DA:13,1
DA:14,1
DA:16,1
DA:17,2
DA:19,2
DA:22,0
DA:38,2
DA:39,0
DA:45,0
DA:55,2
DA:56,0
DA:64,2
DA:67,2
DA:80,2
DA:81,0
DA:82,0
DA:83,0
DA:85,0
DA:138,0
DA:145,0
DA:159,0
DA:166,0
DA:182,2
DA:212,10
DA:213,10
DA:216,0
DA:229,14
DA:230,14
DA:231,14
DA:234,0
DA:275,0
DA:283,0
DA:284,0
DA:287,0
DA:307,4
DA:308,4
DA:315,0
DA:344,2
DA:355,1
DA:469,1
LF:45
LH:26
BRDA:38,0,0,0
BRDA:38,0,1,2
BRDA:55,1,0,0
BRDA:55,1,1,2
BRDA:64,2,0,0
BRDA:64,2,1,0
BRDA:81,3,0,0
BRDA:81,3,1,0
BRDA:82,4,0,0
BRDA:82,4,1,0
BRDA:82,4,2,0
BRDA:83,5,0,0
BRDA:83,5,1,0
BRDA:83,6,0,0
BRDA:83,6,1,0
BRDA:92,7,0,0
BRDA:92,7,1,0
BRDA:101,8,0,0
BRDA:101,8,1,0
BRDA:101,9,0,0
BRDA:101,9,1,0
BRDA:107,10,0,0
BRDA:107,10,1,0
BRDA:107,10,2,0
BRDA:108,11,0,0
BRDA:108,11,1,0
BRDA:108,11,2,0
BRDA:112,12,0,0
BRDA:112,12,1,0
BRDA:112,13,0,0
BRDA:112,13,1,0
BRDA:118,14,0,0
BRDA:118,14,1,0
BRDA:119,15,0,0
BRDA:119,15,1,0
BRDA:125,16,0,0
BRDA:125,16,1,0
BRDA:139,17,0,0
BRDA:139,17,1,0
BRDA:139,17,2,0
BRDA:146,18,0,0
BRDA:146,18,1,0
BRDA:146,18,2,0
BRDA:153,19,0,0
BRDA:153,19,1,0
BRDA:171,20,0,0
BRDA:171,20,1,0
BRDA:192,21,0,0
BRDA:192,21,1,2
BRDA:215,22,0,10
BRDA:215,22,1,0
BRDA:220,23,0,10
BRDA:220,23,1,0
BRDA:230,24,0,14
BRDA:230,24,1,0
BRDA:233,25,0,14
BRDA:233,25,1,2
BRDA:238,26,0,14
BRDA:238,26,1,2
BRDA:269,27,0,0
BRDA:269,27,1,2
BRDA:274,28,0,0
BRDA:274,28,1,0
BRDA:279,29,0,0
BRDA:279,29,1,0
BRDA:286,30,0,0
BRDA:286,30,1,0
BRDA:288,31,0,0
BRDA:288,31,1,0
BRDA:291,32,0,0
BRDA:291,32,1,0
BRDA:293,33,0,0
BRDA:293,33,1,0
BRDA:313,34,0,4
BRDA:313,34,1,2
BRDA:316,35,0,4
BRDA:316,35,1,4
BRDA:318,36,0,2
BRDA:318,36,1,2
BRDA:325,37,0,2
BRDA:325,37,1,2
BRDA:325,37,2,0
BRDA:327,38,0,2
BRDA:327,38,1,2
BRDA:329,39,0,0
BRDA:329,39,1,2
BRDA:329,40,0,2
BRDA:329,40,1,2
BRDA:331,41,0,0
BRDA:331,41,1,2
BRDA:331,42,0,2
BRDA:331,42,1,2
BRDA:336,43,0,0
BRDA:336,43,1,2
BRDA:346,44,0,2
BRDA:346,44,1,0
BRF:96
BRH:29
end_of_record
TN:
SF:src/screens/calendar/TimeBlockTemplatesScreen.js
FN:17,(anonymous_0)
FN:37,(anonymous_1)
FN:52,(anonymous_2)
FN:88,(anonymous_3)
FN:120,(anonymous_4)
FN:128,(anonymous_5)
FN:173,(anonymous_6)
FN:179,(anonymous_7)
FN:187,(anonymous_8)
FN:202,(anonymous_9)
FN:226,(anonymous_10)
FN:243,(anonymous_11)
FN:250,(anonymous_12)
FN:268,(anonymous_13)
FN:280,(anonymous_14)
FN:287,(anonymous_15)
FN:364,(anonymous_16)
FN:379,(anonymous_17)
FN:392,(anonymous_18)
FNF:19
FNH:1
FNDA:0,(anonymous_0)
FNDA:0,(anonymous_1)
FNDA:0,(anonymous_2)
FNDA:0,(anonymous_3)
FNDA:0,(anonymous_4)
FNDA:0,(anonymous_5)
FNDA:2,(anonymous_6)
FNDA:0,(anonymous_7)
FNDA:0,(anonymous_8)
FNDA:0,(anonymous_9)
FNDA:0,(anonymous_10)
FNDA:0,(anonymous_11)
FNDA:0,(anonymous_12)
FNDA:0,(anonymous_13)
FNDA:0,(anonymous_14)
FNDA:0,(anonymous_15)
FNDA:0,(anonymous_16)
FNDA:0,(anonymous_17)
FNDA:0,(anonymous_18)
DA:5,1
DA:9,1
DA:10,1
DA:11,1
DA:12,1
DA:13,1
DA:14,1
DA:17,1
DA:18,0
DA:19,0
DA:20,0
DA:22,0
DA:23,0
DA:24,0
DA:25,0
DA:26,0
DA:28,0
DA:29,0
DA:30,0
DA:31,0
DA:34,0
DA:38,0
DA:39,0
DA:53,0
DA:54,0
DA:70,1
DA:88,1
DA:89,0
DA:90,0
DA:91,0
DA:92,0
DA:94,0
DA:120,0
DA:128,0
DA:141,1
DA:173,1
DA:174,2
DA:176,2
DA:179,0
DA:187,0
DA:195,2
DA:196,0
DA:202,0
DA:212,2
DA:213,0
DA:222,2
DA:226,0
DA:243,0
DA:250,0
DA:264,2
DA:268,0
DA:280,0
DA:287,0
DA:301,2
DA:354,2
DA:365,0
DA:380,0
DA:392,0
DA:407,1
DA:500,1
LF:60
LH:22
BRDA:20,0,0,0
BRDA:20,0,1,0
BRDA:20,1,0,0
BRDA:20,1,1,0
BRDA:25,2,0,0
BRDA:25,2,1,0
BRDA:31,3,0,0
BRDA:31,3,1,0
BRDA:38,4,0,0
BRDA:38,4,1,0
BRDA:58,5,0,0
BRDA:58,5,1,0
BRDA:62,6,0,0
BRDA:62,6,1,0
BRDA:92,7,0,0
BRDA:92,7,1,0
BRDA:92,8,0,0
BRDA:92,8,1,0
BRDA:99,9,0,0
BRDA:99,9,1,0
BRDA:107,10,0,0
BRDA:107,10,1,0
BRDA:113,11,0,0
BRDA:113,11,1,0
BRDA:125,12,0,0
BRDA:125,12,1,0
BRDA:195,13,0,0
BRDA:195,13,1,2
BRDA:212,14,0,0
BRDA:212,14,1,2
BRDA:233,15,0,0
BRDA:233,15,1,2
BRDA:249,16,0,2
BRDA:249,16,1,0
BRDA:250,17,0,0
BRDA:250,17,1,0
BRDA:252,18,0,0
BRDA:252,18,1,2
BRDA:255,19,0,0
BRDA:255,19,1,2
BRDA:274,20,0,0
BRDA:274,20,1,2
BRDA:286,21,0,2
BRDA:286,21,1,0
BRDA:287,22,0,0
BRDA:287,22,1,0
BRDA:289,23,0,0
BRDA:289,23,1,2
BRDA:292,24,0,0
BRDA:292,24,1,2
BRDA:337,25,0,2
BRDA:337,25,1,0
BRDA:341,26,0,0
BRDA:341,26,1,2
BRDA:343,27,0,0
BRDA:343,27,1,2
BRDA:358,28,0,0
BRDA:358,28,1,2
BRDA:371,29,0,0
BRDA:371,29,1,2
BRDA:378,30,0,0
BRDA:378,30,1,2
BRF:62
BRH:16
end_of_record
TN:
SF:src/screens/calendar/useCalendarScreen.js
FN:29,getKey
FN:30,getDaysInMonth
FN:31,getFirstDow
FN:33,normalizeTask
FN:49,normalizeEvent
FN:67,normalizeTimeBlock
FN:89,expandTimeBlocks
FN:97,(anonymous_7)
FN:113,parseTimeTo24h
FN:126,(anonymous_9)
FN:148,(anonymous_10)
FN:149,(anonymous_11)
FN:163,(anonymous_12)
FN:164,(anonymous_13)
FN:172,(anonymous_14)
FN:181,(anonymous_15)
FN:186,(anonymous_16)
FN:191,(anonymous_17)
FN:196,(anonymous_18)
FN:200,(anonymous_19)
FN:200,(anonymous_20)
FN:204,addToMap
FN:216,(anonymous_22)
FN:221,(anonymous_23)
FN:224,(anonymous_24)
FN:227,(anonymous_25)
FN:233,(anonymous_26)
FN:235,invalidateCalendar
FN:243,(anonymous_28)
FN:244,(anonymous_29)
FN:245,(anonymous_30)
FN:251,(anonymous_31)
FN:256,(anonymous_32)
FN:257,(anonymous_33)
FN:263,(anonymous_34)
FN:264,(anonymous_35)
FN:265,(anonymous_36)
FN:271,(anonymous_37)
FN:272,(anonymous_38)
FN:273,(anonymous_39)
FN:278,(anonymous_40)
FN:284,(anonymous_41)
FN:290,(anonymous_42)
FN:292,(anonymous_43)
FN:293,(anonymous_44)
FN:302,(anonymous_45)
FN:303,(anonymous_46)
FN:313,(anonymous_47)
FN:333,(anonymous_48)
FN:334,(anonymous_49)
FNF:50
FNH:0
FNDA:0,getKey
FNDA:0,getDaysInMonth
FNDA:0,getFirstDow
FNDA:0,normalizeTask
FNDA:0,normalizeEvent
FNDA:0,normalizeTimeBlock
FNDA:0,expandTimeBlocks
FNDA:0,(anonymous_7)
FNDA:0,parseTimeTo24h
FNDA:0,(anonymous_9)
FNDA:0,(anonymous_10)
FNDA:0,(anonymous_11)
FNDA:0,(anonymous_12)
FNDA:0,(anonymous_13)
FNDA:0,(anonymous_14)
FNDA:0,(anonymous_15)
FNDA:0,(anonymous_16)
FNDA:0,(anonymous_17)
FNDA:0,(anonymous_18)
FNDA:0,(anonymous_19)
FNDA:0,(anonymous_20)
FNDA:0,addToMap
FNDA:0,(anonymous_22)
FNDA:0,(anonymous_23)
FNDA:0,(anonymous_24)
FNDA:0,(anonymous_25)
FNDA:0,(anonymous_26)
FNDA:0,invalidateCalendar
FNDA:0,(anonymous_28)
FNDA:0,(anonymous_29)
FNDA:0,(anonymous_30)
FNDA:0,(anonymous_31)
FNDA:0,(anonymous_32)
FNDA:0,(anonymous_33)
FNDA:0,(anonymous_34)
FNDA:0,(anonymous_35)
FNDA:0,(anonymous_36)
FNDA:0,(anonymous_37)
FNDA:0,(anonymous_38)
FNDA:0,(anonymous_39)
FNDA:0,(anonymous_40)
FNDA:0,(anonymous_41)
FNDA:0,(anonymous_42)
FNDA:0,(anonymous_43)
FNDA:0,(anonymous_44)
FNDA:0,(anonymous_45)
FNDA:0,(anonymous_46)
FNDA:0,(anonymous_47)
FNDA:0,(anonymous_48)
FNDA:0,(anonymous_49)
DA:7,0
DA:8,0
DA:9,0
DA:10,0
DA:11,0
DA:12,0
DA:13,0
DA:14,0
DA:15,0
DA:16,0
DA:18,0
DA:19,0
DA:21,0
DA:29,0
DA:30,0
DA:31,0
DA:34,0
DA:50,0
DA:51,0
DA:52,0
DA:53,0
DA:68,0
DA:69,0
DA:70,0
DA:90,0
DA:91,0
DA:92,0
DA:93,0
DA:94,0
DA:95,0
DA:96,0
DA:97,0
DA:98,0
DA:99,0
DA:100,0
DA:101,0
DA:102,0
DA:105,0
DA:110,0
DA:114,0
DA:115,0
DA:116,0
DA:117,0
DA:118,0
DA:119,0
DA:120,0
DA:121,0
DA:124,0
DA:126,0
DA:127,0
DA:128,0
DA:130,0
DA:131,0
DA:136,0
DA:137,0
DA:138,0
DA:139,0
DA:140,0
DA:141,0
DA:142,0
DA:143,0
DA:144,0
DA:145,0
DA:148,0
DA:149,0
DA:150,0
DA:151,0
DA:152,0
DA:153,0
DA:154,0
DA:155,0
DA:156,0
DA:163,0
DA:164,0
DA:165,0
DA:166,0
DA:172,0
DA:175,0
DA:176,0
DA:177,0
DA:179,0
DA:181,0
DA:184,0
DA:186,0
DA:189,0
DA:191,0
DA:194,0
DA:196,0
DA:200,0
DA:203,0
DA:205,0
DA:207,0
DA:209,0
DA:211,0
DA:212,0
DA:213,0
DA:215,0
DA:216,0
DA:217,0
DA:220,0
DA:221,0
DA:223,0
DA:224,0
DA:226,0
DA:227,0
DA:229,0
DA:230,0
DA:233,0
DA:236,0
DA:237,0
DA:238,0
DA:239,0
DA:242,0
DA:243,0
DA:244,0
DA:246,0
DA:250,0
DA:252,0
DA:256,0
DA:258,0
DA:262,0
DA:263,0
DA:264,0
DA:266,0
DA:270,0
DA:271,0
DA:272,0
DA:274,0
DA:278,0
DA:279,0
DA:280,0
DA:281,0
DA:284,0
DA:285,0
DA:286,0
DA:287,0
DA:290,0
DA:292,0
DA:293,0
DA:294,0
DA:295,0
DA:296,0
DA:298,0
DA:302,0
DA:303,0
DA:304,0
DA:306,0
DA:308,0
DA:310,0
DA:313,0
DA:314,0
DA:315,0
DA:316,0
DA:317,0
DA:318,0
DA:319,0
DA:320,0
DA:321,0
DA:322,0
DA:323,0
DA:324,0
DA:325,0
DA:326,0
DA:329,0
DA:330,0
DA:331,0
DA:333,0
DA:334,0
DA:336,0
DA:337,0
DA:338,0
DA:339,0
DA:340,0
[...]
FN:422,(anonymous_86)
FN:425,(anonymous_87)
FN:429,(anonymous_88)
FN:432,(anonymous_89)
FN:445,(anonymous_90)
FN:448,(anonymous_91)
FN:467,(anonymous_92)
FN:471,(anonymous_93)
FN:474,(anonymous_94)
FN:480,(anonymous_95)
FN:483,(anonymous_96)
FN:486,(anonymous_97)
FN:489,(anonymous_98)
FN:499,(anonymous_99)
FN:502,(anonymous_100)
FN:507,(anonymous_101)
FN:519,(anonymous_102)
FN:538,(anonymous_103)
FN:542,(anonymous_104)
FN:545,(anonymous_105)
FN:550,(anonymous_106)
FN:561,(anonymous_107)
FN:570,(anonymous_108)
FN:583,(anonymous_109)
FN:587,(anonymous_110)
FN:593,(anonymous_111)
FN:599,(anonymous_112)
FN:605,(anonymous_113)
FN:610,(anonymous_114)
FN:613,(anonymous_115)
FN:622,(anonymous_116)
FN:625,(anonymous_117)
FN:628,(anonymous_118)
FN:631,(anonymous_119)
FN:634,(anonymous_120)
FN:637,(anonymous_121)
FN:640,(anonymous_122)
FN:643,(anonymous_123)
FN:646,(anonymous_124)
FN:649,(anonymous_125)
FN:652,(anonymous_126)
FN:655,(anonymous_127)
FN:658,(anonymous_128)
FN:661,(anonymous_129)
FN:664,(anonymous_130)
FN:667,(anonymous_131)
FN:670,(anonymous_132)
FN:673,(anonymous_133)
FN:676,(anonymous_134)
FN:679,(anonymous_135)
FN:682,(anonymous_136)
FN:685,(anonymous_137)
FN:689,(anonymous_138)
FN:692,(anonymous_139)
FN:696,(anonymous_140)
FN:699,(anonymous_141)
FN:702,(anonymous_142)
FN:705,(anonymous_143)
FN:708,(anonymous_144)
FN:721,(anonymous_145)
FN:724,(anonymous_146)
FN:727,(anonymous_147)
FN:730,(anonymous_148)
FN:733,(anonymous_149)
FN:739,(anonymous_150)
FN:743,(anonymous_151)
FN:748,(anonymous_152)
FN:756,(anonymous_153)
FN:759,(anonymous_154)
FN:767,(anonymous_155)
FN:773,(anonymous_156)
FN:777,(anonymous_157)
FN:780,(anonymous_158)
FN:783,(anonymous_159)
FN:786,(anonymous_160)
FN:789,(anonymous_161)
FN:792,(anonymous_162)
FN:795,(anonymous_163)
FN:799,(anonymous_164)
FN:805,(anonymous_165)
FN:809,(anonymous_166)
FN:812,(anonymous_167)
FN:815,(anonymous_168)
FN:823,(anonymous_169)
FN:826,(anonymous_170)
FN:829,(anonymous_171)
FN:841,(anonymous_172)
FN:847,(anonymous_173)
FN:850,(anonymous_174)
FN:853,(anonymous_175)
FN:856,(anonymous_176)
FN:860,(anonymous_177)
FN:863,(anonymous_178)
FN:870,(anonymous_179)
FN:873,(anonymous_180)
FN:876,(anonymous_181)
FN:899,(anonymous_182)
FN:902,(anonymous_183)
FN:905,(anonymous_184)
FNF:185
FNH:176
FNDA:3,(anonymous_0)
FNDA:3,(anonymous_1)
FNDA:2,(anonymous_2)
FNDA:1,(anonymous_3)
FNDA:1,(anonymous_4)
FNDA:1,(anonymous_5)
FNDA:1,(anonymous_6)
FNDA:1,(anonymous_7)
FNDA:1,(anonymous_8)
FNDA:1,(anonymous_9)
FNDA:1,(anonymous_10)
FNDA:1,(anonymous_11)
FNDA:2,(anonymous_12)
FNDA:1,(anonymous_13)
FNDA:3,(anonymous_14)
FNDA:1,(anonymous_15)
FNDA:1,(anonymous_16)
FNDA:1,(anonymous_17)
FNDA:1,(anonymous_18)
FNDA:1,(anonymous_19)
FNDA:2,(anonymous_20)
FNDA:1,(anonymous_21)
FNDA:1,(anonymous_22)
FNDA:1,(anonymous_23)
FNDA:1,(anonymous_24)
FNDA:1,(anonymous_25)
FNDA:1,(anonymous_26)
FNDA:1,(anonymous_27)
FNDA:1,(anonymous_28)
FNDA:2,(anonymous_29)
FNDA:2,(anonymous_30)
FNDA:2,(anonymous_31)
FNDA:2,(anonymous_32)
FNDA:2,(anonymous_33)
FNDA:1,(anonymous_34)
FNDA:1,(anonymous_35)
FNDA:1,(anonymous_36)
FNDA:1,(anonymous_37)
FNDA:1,(anonymous_38)
FNDA:2,(anonymous_39)
FNDA:1,(anonymous_40)
FNDA:1,(anonymous_41)
FNDA:1,(anonymous_42)
FNDA:2,(anonymous_43)
FNDA:1,(anonymous_44)
FNDA:1,(anonymous_45)
FNDA:1,(anonymous_46)
FNDA:2,(anonymous_47)
FNDA:2,(anonymous_48)
FNDA:2,(anonymous_49)
FNDA:2,(anonymous_50)
FNDA:2,(anonymous_51)
FNDA:1,(anonymous_52)
FNDA:1,(anonymous_53)
FNDA:1,(anonymous_54)
FNDA:2,(anonymous_55)
FNDA:1,(anonymous_56)
FNDA:1,(anonymous_57)
FNDA:1,(anonymous_58)
FNDA:1,(anonymous_59)
FNDA:2,(anonymous_60)
FNDA:1,(anonymous_61)
FNDA:1,(anonymous_62)
FNDA:2,(anonymous_63)
FNDA:2,(anonymous_64)
FNDA:1,(anonymous_65)
FNDA:2,(anonymous_66)
FNDA:1,(anonymous_67)
FNDA:1,(anonymous_68)
FNDA:1,(anonymous_69)
FNDA:1,(anonymous_70)
FNDA:1,(anonymous_71)
FNDA:0,(anonymous_72)
FNDA:0,(anonymous_73)
FNDA:1,(anonymous_74)
FNDA:0,(anonymous_75)
FNDA:0,(anonymous_76)
FNDA:0,(anonymous_77)
FNDA:1,(anonymous_78)
FNDA:0,(anonymous_79)
FNDA:0,(anonymous_80)
FNDA:0,(anonymous_81)
FNDA:0,(anonymous_82)
FNDA:2,(anonymous_83)
FNDA:1,(anonymous_84)
FNDA:1,(anonymous_85)
FNDA:1,(anonymous_86)
FNDA:1,(anonymous_87)
FNDA:1,(anonymous_88)
FNDA:1,(anonymous_89)
FNDA:1,(anonymous_90)
FNDA:1,(anonymous_91)
FNDA:1,(anonymous_92)
FNDA:2,(anonymous_93)
FNDA:2,(anonymous_94)
FNDA:1,(anonymous_95)
FNDA:2,(anonymous_96)
FNDA:1,(anonymous_97)
FNDA:2,(anonymous_98)
FNDA:2,(anonymous_99)
FNDA:2,(anonymous_100)
FNDA:2,(anonymous_101)
FNDA:2,(anonymous_102)
FNDA:1,(anonymous_103)
FNDA:2,(anonymous_104)
FNDA:1,(anonymous_105)
FNDA:2,(anonymous_106)
FNDA:2,(anonymous_107)
FNDA:1,(anonymous_108)
FNDA:1,(anonymous_109)
FNDA:1,(anonymous_110)
FNDA:1,(anonymous_111)
FNDA:2,(anonymous_112)
FNDA:1,(anonymous_113)
FNDA:2,(anonymous_114)
FNDA:1,(anonymous_115)
FNDA:2,(anonymous_116)
FNDA:2,(anonymous_117)
FNDA:2,(anonymous_118)
FNDA:1,(anonymous_119)
FNDA:1,(anonymous_120)
FNDA:2,(anonymous_121)
FNDA:1,(anonymous_122)
FNDA:1,(anonymous_123)
FNDA:1,(anonymous_124)
FNDA:1,(anonymous_125)
FNDA:1,(anonymous_126)
FNDA:1,(anonymous_127)
FNDA:1,(anonymous_128)
FNDA:2,(anonymous_129)
FNDA:1,(anonymous_130)
FNDA:2,(anonymous_131)
FNDA:1,(anonymous_132)
FNDA:1,(anonymous_133)
FNDA:1,(anonymous_134)
FNDA:1,(anonymous_135)
FNDA:1,(anonymous_136)
FNDA:2,(anonymous_137)
FNDA:1,(anonymous_138)
FNDA:1,(anonymous_139)
FNDA:1,(anonymous_140)
FNDA:1,(anonymous_141)
FNDA:1,(anonymous_142)
FNDA:1,(anonymous_143)
FNDA:1,(anonymous_144)
FNDA:2,(anonymous_145)
FNDA:1,(anonymous_146)
FNDA:1,(anonymous_147)
FNDA:2,(anonymous_148)
FNDA:1,(anonymous_149)
FNDA:1,(anonymous_150)
FNDA:1,(anonymous_151)
FNDA:1,(anonymous_152)
FNDA:1,(anonymous_153)
FNDA:1,(anonymous_154)
FNDA:1,(anonymous_155)
FNDA:1,(anonymous_156)
FNDA:2,(anonymous_157)
FNDA:2,(anonymous_158)
FNDA:1,(anonymous_159)
FNDA:1,(anonymous_160)
FNDA:1,(anonymous_161)
FNDA:1,(anonymous_162)
FNDA:1,(anonymous_163)
FNDA:2,(anonymous_164)
FNDA:1,(anonymous_165)
FNDA:1,(anonymous_166)
FNDA:1,(anonymous_167)
FNDA:1,(anonymous_168)
FNDA:2,(anonymous_169)
FNDA:1,(anonymous_170)
FNDA:2,(anonymous_171)
FNDA:2,(anonymous_172)
FNDA:2,(anonymous_173)
FNDA:1,(anonymous_174)
FNDA:1,(anonymous_175)
FNDA:1,(anonymous_176)
FNDA:1,(anonymous_177)
FNDA:1,(anonymous_178)
FNDA:2,(anonymous_179)
FNDA:2,(anonymous_180)
FNDA:1,(anonymous_181)
FNDA:1,(anonymous_182)
FNDA:1,(anonymous_183)
FNDA:1,(anonymous_184)
DA:7,2
DA:26,2
DA:58,3
DA:70,2
DA:73,3
DA:76,2
DA:79,1
DA:82,1
DA:85,1
DA:88,1
DA:91,1
DA:94,1
DA:97,1
DA:100,1
DA:103,1
DA:106,2
DA:109,1
DA:112,3
DA:115,1
DA:118,1
DA:121,1
DA:124,1
DA:127,1
DA:130,2
DA:133,1
DA:136,1
DA:139,1
DA:148,1
DA:151,1
DA:154,1
DA:157,1
DA:160,1
DA:165,2
DA:168,2
DA:175,2
DA:178,2
DA:181,2
DA:184,1
DA:198,1
DA:201,1
DA:207,1
DA:210,1
DA:217,2
DA:220,1
DA:226,1
DA:238,1
DA:241,2
DA:244,1
DA:248,1
DA:251,1
DA:255,2
DA:258,2
DA:261,2
DA:267,2
DA:270,2
DA:273,2
DA:276,1
DA:279,1
DA:282,1
DA:285,2
DA:288,1
DA:291,1
DA:294,1
DA:297,1
DA:300,2
DA:303,1
DA:306,1
DA:309,2
DA:313,2
DA:316,1
DA:319,2
DA:322,1
DA:329,1
DA:337,2
DA:341,1
DA:344,1
DA:347,1
DA:350,0
DA:353,0
DA:356,1
DA:359,0
DA:362,0
DA:365,0
DA:371,1
DA:374,0
DA:377,0
DA:380,0
DA:385,0
DA:396,2
DA:399,2
DA:402,2
DA:406,1
DA:420,1
DA:423,1
DA:426,1
DA:430,1
DA:433,1
DA:446,1
DA:449,1
DA:468,1
DA:472,2
DA:475,2
DA:481,1
DA:484,2
DA:487,1
DA:490,2
DA:497,2
DA:500,2
DA:503,2
DA:508,2
DA:517,2
DA:520,2
DA:536,2
DA:539,1
DA:543,2
DA:546,1
DA:551,2
DA:562,2
DA:568,2
DA:571,1
DA:584,1
DA:588,1
DA:594,1
DA:600,2
DA:606,1
DA:611,2
DA:614,1
DA:620,2
DA:623,2
DA:626,2
DA:629,2
DA:632,1
DA:635,1
DA:638,2
DA:641,1
DA:644,1
DA:647,1
DA:650,1
DA:653,1
DA:656,1
DA:659,1
DA:662,2
DA:665,1
DA:668,2
DA:671,1
DA:674,1
DA:677,1
DA:680,1
DA:683,1
DA:686,2
DA:690,1
DA:693,1
DA:697,1
DA:700,1
DA:703,1
DA:706,1
DA:709,1
DA:715,2
DA:722,2
DA:725,1
DA:728,1
DA:731,2
DA:734,1
DA:740,1
DA:744,1
DA:749,1
DA:757,1
DA:760,1
DA:768,1
DA:774,1
DA:778,2
DA:781,2
DA:784,1
DA:787,1
DA:790,1
DA:793,1
DA:796,1
DA:800,2
DA:806,1
DA:810,1
DA:813,1
DA:816,1
DA:824,2
DA:827,1
DA:830,2
DA:836,2
DA:842,2
DA:848,2
DA:851,1
DA:854,1
DA:857,1
DA:861,1
DA:864,1
DA:871,2
DA:874,2
DA:877,1
DA:883,2
DA:888,2
DA:893,2
DA:898,2
DA:900,1
DA:903,1
DA:906,1
LF:203
LH:194
BRDA:112,0,0,2
BRDA:112,0,1,1
BRF:2
BRH:2
end_of_record
TN:
SF:src/services/pushNotifications.js
FN:20,(anonymous_0)
FN:32,(anonymous_1)
FN:46,(anonymous_2)
FN:53,(anonymous_3)
FN:59,(anonymous_4)
FN:70,(anonymous_5)
FN:73,(anonymous_6)
FN:81,(anonymous_7)
FN:87,(anonymous_8)
FN:95,(anonymous_9)
FN:102,(anonymous_10)
FN:109,(anonymous_11)
FN:113,(anonymous_12)
FN:122,(anonymous_13)
FN:137,(anonymous_14)
FN:153,(anonymous_15)
FN:161,(anonymous_16)
FN:164,(anonymous_17)
FN:167,(anonymous_18)
FN:170,(anonymous_19)
FN:173,(anonymous_20)
FN:176,(anonymous_21)
FN:179,(anonymous_22)
FN:182,(anonymous_23)
FN:185,(anonymous_24)
FN:188,(anonymous_25)
FN:193,(anonymous_26)
FN:215,(anonymous_27)
FN:221,(anonymous_28)
FN:226,(anonymous_29)
FN:233,(anonymous_30)
FN:236,(anonymous_31)
FN:243,(anonymous_32)
FN:262,(anonymous_33)
FN:265,(anonymous_34)
FN:271,(anonymous_35)
FN:285,(anonymous_36)
FNF:37
FNH:23
FNDA:48,(anonymous_0)
FNDA:3,(anonymous_1)
FNDA:3,(anonymous_2)
FNDA:0,(anonymous_3)
FNDA:0,(anonymous_4)
FNDA:2,(anonymous_5)
FNDA:1,(anonymous_6)
FNDA:36,(anonymous_7)
FNDA:1,(anonymous_8)
FNDA:34,(anonymous_9)
FNDA:34,(anonymous_10)
FNDA:25,(anonymous_11)
FNDA:6,(anonymous_12)
FNDA:3,(anonymous_13)
FNDA:2,(anonymous_14)
FNDA:1,(anonymous_15)
FNDA:1,(anonymous_16)
FNDA:1,(anonymous_17)
FNDA:0,(anonymous_18)
FNDA:0,(anonymous_19)
FNDA:0,(anonymous_20)
FNDA:0,(anonymous_21)
FNDA:2,(anonymous_22)
FNDA:1,(anonymous_23)
FNDA:0,(anonymous_24)
FNDA:0,(anonymous_25)
FNDA:7,(anonymous_26)
FNDA:9,(anonymous_27)
FNDA:0,(anonymous_28)
FNDA:0,(anonymous_29)
FNDA:9,(anonymous_30)
FNDA:0,(anonymous_31)
FNDA:0,(anonymous_32)
FNDA:0,(anonymous_33)
FNDA:0,(anonymous_34)
FNDA:2,(anonymous_35)
FNDA:1,(anonymous_36)
DA:11,23
DA:12,23
DA:14,23
DA:15,23
DA:16,23
DA:20,23
DA:21,48
DA:22,18
DA:23,18
DA:25,0
DA:26,0
DA:29,48
DA:32,23
DA:33,3
DA:34,3
DA:35,3
DA:37,0
DA:38,0
DA:41,3
DA:46,23
DA:47,3
DA:48,3
DA:50,3
DA:51,0
DA:55,0
DA:57,0
DA:60,0
DA:65,3
DA:66,3
DA:67,3
DA:71,2
DA:74,1
DA:78,0
DA:81,23
DA:82,36
DA:83,36
DA:85,36
DA:88,1
DA:89,1
DA:95,23
DA:97,34
DA:98,34
DA:100,31
DA:102,34
DA:103,34
DA:105,33
DA:110,25
DA:111,25
DA:114,6
DA:115,6
DA:122,23
DA:123,3
DA:124,3
DA:126,3
DA:127,3
DA:129,3
DA:138,2
DA:154,1
DA:160,23
DA:162,1
DA:165,1
DA:168,0
DA:171,0
DA:174,0
DA:177,0
DA:180,2
DA:183,1
DA:186,0
DA:189,0
DA:193,23
DA:194,7
DA:196,6
DA:197,6
DA:198,6
DA:200,6
DA:201,5
DA:202,5
DA:203,5
DA:205,0
DA:212,23
DA:213,23
DA:215,23
DA:216,9
DA:217,9
DA:218,9
DA:221,9
DA:222,0
DA:226,9
DA:227,0
DA:231,9
DA:234,9
DA:236,0
DA:237,0
DA:243,9
DA:244,0
DA:246,0
DA:247,0
DA:249,0
DA:250,0
DA:253,0
DA:254,0
DA:256,0
DA:258,0
DA:263,0
DA:266,0
DA:271,23
DA:272,2
DA:273,1
DA:274,1
DA:276,2
DA:277,1
DA:278,1
DA:285,23
DA:286,1
DA:287,1
DA:290,23
LF:116
LH:85
BRDA:21,0,0,18
BRDA:21,0,1,30
BRDA:33,1,0,3
BRDA:33,1,1,0
BRDA:48,2,0,0
BRDA:48,2,1,3
BRDA:50,3,0,0
BRDA:50,3,1,3
BRDA:55,4,0,0
BRDA:55,4,1,0
BRDA:65,5,0,3
BRDA:65,5,1,0
BRDA:65,6,0,3
BRDA:65,6,1,3
BRDA:83,7,0,0
BRDA:83,7,1,36
BRDA:103,8,0,1
BRDA:103,8,1,33
BRDA:107,9,0,31
BRDA:107,9,1,2
BRDA:124,10,0,0
BRDA:124,10,1,3
BRDA:126,11,0,3
BRDA:126,11,1,1
BRDA:127,12,0,3
BRDA:127,12,1,2
BRDA:139,13,0,2
BRDA:139,13,1,1
BRDA:140,14,0,2
BRDA:140,14,1,1
BRDA:162,15,0,1
BRDA:162,15,1,0
BRDA:174,16,0,0
BRDA:174,16,1,0
BRDA:194,17,0,1
BRDA:194,17,1,6
BRDA:194,18,0,7
BRDA:194,18,1,6
BRDA:196,19,0,6
BRDA:196,19,1,0
BRDA:197,20,0,6
BRDA:197,20,1,1
BRDA:197,20,2,1
BRDA:200,21,0,5
BRDA:200,21,1,1
BRDA:203,22,0,5
BRDA:203,22,1,4
BRDA:218,23,0,0
BRDA:218,23,1,9
BRDA:234,24,0,0
BRDA:234,24,1,9
BRDA:260,25,0,0
BRDA:260,25,1,0
BRDA:272,26,0,1
BRDA:272,26,1,1
BRDA:276,27,0,1
BRDA:276,27,1,1
BRF:57
BRH:41
end_of_record
TN:
SF:src/services/splashScreen.js
FN:15,(anonymous_0)
FN:33,(anonymous_1)
FN:50,(anonymous_2)
FNF:3
FNH:3
FNDA:10,(anonymous_0)
FNDA:7,(anonymous_1)
FNDA:4,(anonymous_2)
DA:11,13
DA:13,13
DA:15,13
DA:16,10
DA:17,8
DA:18,8
DA:20,0
DA:21,0
DA:24,10
DA:31,13
DA:33,13
DA:34,7
DA:35,6
DA:37,6
DA:38,6
DA:39,5
DA:40,5
DA:42,1
DA:50,13
DA:51,4
DA:52,4
DA:53,4
DA:54,3
DA:55,3
DA:57,1
DA:62,13
LF:26
LH:24
BRDA:16,0,0,8
BRDA:16,0,1,2
BRDA:34,1,0,1
BRDA:34,1,1,6
BRDA:38,2,0,5
BRDA:38,2,1,1
BRDA:53,3,0,3
BRDA:53,3,1,1
BRF:8
BRH:8
end_of_record
TN:
SF:src/services/stripe.js
FN:11,(anonymous_0)
FN:15,(anonymous_1)
FN:19,(anonymous_2)
FN:23,(anonymous_3)
FN:27,(anonymous_4)
FNF:5
FNH:5
FNDA:1,(anonymous_0)
FNDA:1,(anonymous_1)
FNDA:1,(anonymous_2)
FNDA:2,(anonymous_3)
FNDA:1,(anonymous_4)
DA:11,1
DA:12,1
DA:15,1
DA:16,1
DA:19,1
DA:20,1
DA:23,1
DA:24,2
DA:27,1
DA:28,1
DA:31,1
LF:11
LH:11
BRF:0
BRH:0
end_of_record
TN:
SF:src/services/transforms.js
FN:4,toCamel
FN:5,(anonymous_1)
FN:10,toSnake
FN:11,(anonymous_3)
FN:16,snakeToCamel
FN:29,camelToSnake
FNF:6
FNH:6
FNDA:41,toCamel
FNDA:26,(anonymous_1)
FNDA:25,toSnake
FNDA:16,(anonymous_3)
FNDA:93,snakeToCamel
FNDA:53,camelToSnake
DA:5,41
DA:6,26
DA:11,25
DA:12,16
DA:17,93
DA:18,46
DA:19,41
DA:20,40
DA:21,40
DA:22,41
DA:23,41
DA:26,40
DA:30,53
DA:31,26
DA:32,24
DA:33,23
DA:34,23
DA:35,25
DA:36,25
DA:39,23
LF:20
LH:20
BRDA:17,0,0,47
BRDA:17,0,1,46
BRDA:17,1,0,93
BRDA:17,1,1,92
BRDA:17,1,2,91
BRDA:18,2,0,5
BRDA:18,2,1,41
BRDA:19,3,0,1
BRDA:19,3,1,40
BRDA:19,4,0,41
BRDA:19,4,1,40
BRDA:19,4,2,40
BRDA:19,4,3,40
BRDA:19,4,4,40
BRDA:22,5,0,41
BRDA:22,5,1,0
BRDA:30,6,0,27
BRDA:30,6,1,26
BRDA:30,7,0,53
BRDA:30,7,1,52
BRDA:30,7,2,51
BRDA:31,8,0,2
BRDA:31,8,1,24
BRDA:32,9,0,1
BRDA:32,9,1,23
BRDA:32,10,0,24
BRDA:32,10,1,23
BRDA:32,10,2,23
BRDA:32,10,3,23
BRDA:32,10,4,23
BRDA:35,11,0,25
BRDA:35,11,1,0
BRF:32
BRH:30
end_of_record
TN:
SF:src/services/websocket.js
FN:20,createWebSocket
FN:23,(anonymous_1)
FN:24,(anonymous_2)
FN:25,(anonymous_3)
FN:26,(anonymous_4)
FN:37,getUrl
FN:41,connect
FN:51,(anonymous_7)
FN:61,(anonymous_8)
FN:76,(anonymous_9)
FN:86,(anonymous_10)
FN:91,scheduleReconnect
FN:100,startHeartbeat
FN:102,(anonymous_13)
FN:106,(anonymous_14)
FN:115,clearPongTimeout
FN:122,stopHeartbeat
FN:130,send
FN:138,close
FN:153,getState
FN:159,(anonymous_20)
FNF:21
FNH:19
FNDA:24,createWebSocket
FNDA:0,(anonymous_1)
FNDA:18,(anonymous_2)
FNDA:3,(anonymous_3)
FNDA:0,(anonymous_4)
FNDA:27,getUrl
FNDA:27,connect
FNDA:21,(anonymous_7)
FNDA:3,(anonymous_8)
FNDA:4,(anonymous_9)
FNDA:1,(anonymous_10)
FNDA:4,scheduleReconnect
FNDA:21,startHeartbeat
FNDA:3,(anonymous_13)
FNDA:1,(anonymous_14)
FNDA:35,clearPongTimeout
FNDA:30,stopHeartbeat
FNDA:3,send
FNDA:5,close
FNDA:2,getState
FNDA:2,(anonymous_20)
DA:11,1
DA:21,24
DA:22,24
DA:23,24
DA:24,24
DA:25,24
DA:26,24
DA:28,24
DA:29,24
DA:30,24
DA:31,24
DA:32,24
DA:33,24
DA:34,24
DA:35,24
DA:38,27
DA:42,27
DA:43,27
DA:44,27
DA:46,0
DA:47,0
DA:48,0
DA:51,27
DA:52,21
DA:54,21
DA:55,21
DA:57,21
DA:58,21
DA:61,27
DA:63,3
DA:64,3
DA:66,0
DA:69,3
DA:70,2
DA:71,2
DA:73,1
DA:76,27
DA:77,4
DA:78,4
DA:80,4
DA:81,0
DA:83,4
DA:86,27
DA:87,1
DA:92,4
DA:93,4
DA:95,4
DA:96,4
DA:97,4
DA:101,21
DA:102,21
DA:103,3
DA:104,3
DA:105,3
DA:106,3
DA:107,1
DA:108,1
DA:116,35
DA:117,1
DA:118,1
DA:123,30
DA:124,7
DA:125,7
DA:127,30
DA:131,3
DA:132,2
DA:133,2
DA:135,1
DA:139,5
DA:140,5
DA:141,5
DA:142,5
DA:143,5
DA:144,5
DA:146,5
DA:147,5
DA:148,5
DA:149,5
DA:154,2
DA:155,1
DA:159,24
DA:160,2
DA:161,1
DA:162,1
DA:167,24
DA:169,24
LF:86
LH:81
BRDA:21,0,0,24
BRDA:21,0,1,17
BRDA:22,1,0,24
BRDA:22,1,1,23
BRDA:22,1,2,0
BRDA:23,2,0,24
BRDA:23,2,1,22
BRDA:24,3,0,24
BRDA:24,3,1,22
BRDA:25,4,0,24
BRDA:25,4,1,23
BRDA:26,5,0,24
BRDA:26,5,1,23
BRDA:42,6,0,0
BRDA:42,6,1,27
BRDA:54,7,0,21
BRDA:54,7,1,0
BRDA:69,8,0,2
BRDA:69,8,1,1
BRDA:69,9,0,3
BRDA:69,9,1,3
BRDA:80,10,0,0
BRDA:80,10,1,4
BRDA:81,11,0,0
BRDA:81,11,1,0
BRDA:83,12,0,4
BRDA:83,12,1,0
BRDA:92,13,0,0
BRDA:92,13,1,4
BRDA:92,14,0,4
BRDA:92,14,1,4
BRDA:103,15,0,3
BRDA:103,15,1,0
BRDA:103,16,0,3
BRDA:103,16,1,3
BRDA:107,17,0,1
BRDA:107,17,1,0
BRDA:107,18,0,1
BRDA:107,18,1,1
BRDA:116,19,0,1
BRDA:116,19,1,34
BRDA:123,20,0,7
BRDA:123,20,1,23
BRDA:131,21,0,2
BRDA:131,21,1,1
BRDA:131,22,0,3
BRDA:131,22,1,3
BRDA:132,23,0,1
BRDA:132,23,1,1
BRDA:140,24,0,0
BRDA:140,24,1,5
BRDA:142,25,0,5
BRDA:142,25,1,0
BRDA:146,26,0,5
BRDA:146,26,1,0
BRDA:154,27,0,1
BRDA:154,27,1,1
BRDA:160,28,0,1
BRDA:160,28,1,1
BRDA:160,29,0,2
BRDA:160,29,1,2
BRDA:160,29,2,2
BRDA:160,29,3,2
BRF:63
BRH:50
end_of_record
TN:
SF:src/styles/colors.js
FN:72,adaptColor
FN:77,catColor
FN:83,catSolid
FNF:3
FNH:1
FNDA:0,adaptColor
FNDA:0,catColor
FNDA:17,catSolid
DA:6,16
DA:37,16
DA:46,16
DA:52,16
DA:59,16
DA:73,0
DA:74,0
DA:78,0
DA:79,0
DA:80,0
DA:84,17
DA:85,17
DA:88,16
LF:13
LH:8
BRDA:73,0,0,0
BRDA:73,0,1,0
BRDA:74,1,0,0
BRDA:74,1,1,0
BRDA:79,2,0,0
BRDA:79,2,1,0
BRDA:79,3,0,0
BRDA:79,3,1,0
BRDA:80,4,0,0
BRDA:80,4,1,0
BRDA:85,5,0,17
BRDA:85,5,1,0
BRF:12
BRH:1
end_of_record
TN:
SF:src/styles/theme.js
FNF:0
FNH:0
DA:8,9
DA:10,9
DA:11,9
DA:12,9
DA:13,9
DA:14,9
DA:15,9
DA:32,9
DA:56,9
DA:80,9
LF:10
LH:10
BRF:0
BRH:0
end_of_record
TN:
SF:src/styles/tokens.js
FN:69,(anonymous_0)
FNF:1
FNH:0
FNDA:0,(anonymous_0)
DA:6,2
DA:17,2
DA:29,2
DA:37,2
DA:47,2
DA:70,0
DA:80,2
LF:7
LH:6
BRDA:71,0,0,0
BRDA:71,0,1,0
BRF:2
BRH:0
end_of_record
TN:
SF:src/theme/tokens.js
FNF:0
FNH:0
DA:7,25
DA:46,25
DA:52,25
DA:60,25
DA:67,25
DA:78,25
DA:87,25
DA:93,25
DA:105,25
DA:116,25
DA:130,25
DA:145,25
LF:12
LH:12
BRF:0
BRH:0
end_of_record
TN:
SF:src/utils/errorMessages.js
FN:54,humanize
FN:82,getUserMessage
FN:138,logError
FNF:3
FNH:3
FNDA:37,humanize
FNDA:48,getUserMessage
FNDA:5,logError
DA:5,50
DA:24,50
DA:55,37
DA:58,23
DA:59,23
DA:62,23
DA:63,199
DA:64,18
DA:69,5
DA:70,2
DA:73,3
DA:83,48
DA:86,44
DA:90,4
DA:95,40
DA:96,4
DA:97,4
DA:98,4
DA:99,4
DA:100,2
DA:102,2
DA:106,36
DA:107,2
DA:111,34
DA:112,34
DA:115,15
DA:116,13
DA:117,3
DA:118,2
DA:119,2
DA:121,2
DA:122,1
DA:123,1
DA:124,1
DA:125,1
DA:129,11
DA:132,2
DA:139,5
DA:140,3
DA:141,3
LF:40
LH:40
BRDA:55,0,0,14
BRDA:55,0,1,23
BRDA:55,1,0,37
BRDA:55,1,1,23
BRDA:59,2,0,1
BRDA:59,2,1,22
BRDA:63,3,0,18
BRDA:63,3,1,181
BRDA:69,4,0,2
BRDA:69,4,1,3
BRDA:83,5,0,4
BRDA:83,5,1,44
BRDA:83,6,0,4
BRDA:83,6,1,3
BRDA:86,7,0,4
BRDA:86,7,1,40
BRDA:87,8,0,44
BRDA:87,8,1,43
BRDA:87,8,2,29
BRDA:95,9,0,4
BRDA:95,9,1,36
BRDA:95,10,0,40
BRDA:95,10,1,5
BRDA:95,10,2,5
BRDA:96,11,0,4
BRDA:96,11,1,1
BRDA:98,12,0,4
BRDA:98,12,1,2
BRDA:99,13,0,2
BRDA:99,13,1,2
BRDA:106,14,0,2
BRDA:106,14,1,34
BRDA:106,15,0,36
BRDA:106,15,1,3
BRDA:106,15,2,2
BRDA:112,16,0,19
BRDA:112,16,1,15
BRDA:115,17,0,13
BRDA:115,17,1,2
BRDA:115,18,0,15
BRDA:115,18,1,15
BRDA:116,19,0,3
BRDA:116,19,1,10
BRDA:116,20,0,13
BRDA:116,20,1,4
BRDA:117,21,0,2
BRDA:117,21,1,1
BRDA:119,22,0,1
BRDA:119,22,1,1
BRDA:121,23,0,1
BRDA:121,23,1,1
BRDA:123,24,0,1
BRDA:123,24,1,0
BRDA:125,25,0,1
BRDA:125,25,1,0
BRDA:132,26,0,2
BRDA:132,26,1,1
BRDA:139,27,0,2
BRDA:139,27,1,3
BRDA:143,28,0,3
BRDA:143,28,1,1
BRDA:144,29,0,3
BRDA:144,29,1,1
BRF:63
BRH:61
end_of_record
TN:
SF:src/utils/logger.js
FN:11,(anonymous_0)
FNF:1
FNH:1
FNDA:8,(anonymous_0)
DA:11,66
DA:13,66
DA:21,66
LF:3
LH:3
BRDA:14,0,0,59
BRDA:14,0,1,7
BRDA:14,1,0,66
BRDA:14,1,1,65
BRDA:15,2,0,59
BRDA:15,2,1,7
BRDA:15,3,0,66
BRDA:15,3,1,65
BRDA:16,4,0,59
BRDA:16,4,1,7
BRDA:16,5,0,66
BRDA:16,5,1,65
BRDA:17,6,0,59
BRDA:17,6,1,7
BRDA:17,7,0,66
BRDA:17,7,1,65
BRDA:18,8,0,59
BRDA:18,8,1,7
BRDA:18,9,0,66
BRDA:18,9,1,65
BRF:20
BRH:20
end_of_record
TN:
SF:src/utils/sanitize.js
FN:6,isValidEmail
FN:11,sanitizeText
FN:19,validateRequired
FNF:3
FNH:3
FNDA:12,isValidEmail
FNDA:12,sanitizeText
FNDA:8,validateRequired
DA:7,12
DA:8,8
DA:12,12
DA:13,8
DA:14,8
DA:15,8
DA:20,8
DA:21,8
DA:22,13
DA:23,13
DA:24,6
DA:27,8
DA:30,1
LF:13
LH:13
BRDA:7,0,0,4
BRDA:7,0,1,8
BRDA:7,1,0,12
BRDA:7,1,1,9
BRDA:12,2,0,4
BRDA:12,2,1,8
BRDA:12,3,0,12
BRDA:12,3,1,9
BRDA:14,4,0,1
BRDA:14,4,1,7
BRDA:14,5,0,8
BRDA:14,5,1,2
BRDA:23,6,0,6
BRDA:23,6,1,7
BRDA:23,7,0,13
BRDA:23,7,1,12
BRDA:23,7,2,10
BRDA:23,7,3,8
BRF:18
BRH:18
end_of_record
